{"D:\\TMDT-team\\watch-ecommerce\\frontend\\src\\hooks\\useApiFetch.js": {"path":"D:\\TMDT-team\\watch-ecommerce\\frontend\\src\\hooks\\useApiFetch.js","statementMap":{"0":{"start":{"line":30,"column":27},"end":{"line":122,"column":1}},"1":{"start":{"line":36,"column":6},"end":{"line":36,"column":13}},"2":{"start":{"line":38,"column":25},"end":{"line":38,"column":47}},"3":{"start":{"line":39,"column":31},"end":{"line":39,"column":47}},"4":{"start":{"line":40,"column":27},"end":{"line":40,"column":42}},"5":{"start":{"line":41,"column":22},"end":{"line":41,"column":35}},"6":{"start":{"line":42,"column":25},"end":{"line":42,"column":43}},"7":{"start":{"line":45,"column":1},"end":{"line":49,"column":9}},"8":{"start":{"line":46,"column":4},"end":{"line":48,"column":6}},"9":{"start":{"line":47,"column":6},"end":{"line":47,"column":35}},"10":{"start":{"line":56,"column":15},"end":{"line":93,"column":3}},"11":{"start":{"line":61,"column":10},"end":{"line":61,"column":22}},"12":{"start":{"line":63,"column":6},"end":{"line":90,"column":7}},"13":{"start":{"line":64,"column":8},"end":{"line":64,"column":25}},"14":{"start":{"line":65,"column":8},"end":{"line":65,"column":23}},"15":{"start":{"line":67,"column":23},"end":{"line":67,"column":38}},"16":{"start":{"line":69,"column":8},"end":{"line":69,"column":42}},"17":{"start":{"line":69,"column":35},"end":{"line":69,"column":42}},"18":{"start":{"line":71,"column":8},"end":{"line":71,"column":24}},"19":{"start":{"line":72,"column":8},"end":{"line":72,"column":26}},"20":{"start":{"line":73,"column":8},"end":{"line":73,"column":28}},"21":{"start":{"line":75,"column":8},"end":{"line":75,"column":22}},"22":{"start":{"line":77,"column":8},"end":{"line":77,"column":42}},"23":{"start":{"line":77,"column":35},"end":{"line":77,"column":42}},"24":{"start":{"line":79,"column":28},"end":{"line":83,"column":10}},"25":{"start":{"line":85,"column":8},"end":{"line":85,"column":30}},"26":{"start":{"line":86,"column":8},"end":{"line":86,"column":26}},"27":{"start":{"line":87,"column":8},"end":{"line":87,"column":31}},"28":{"start":{"line":89,"column":8},"end":{"line":89,"column":18}},"29":{"start":{"line":98,"column":17},"end":{"line":103,"column":3}},"30":{"start":{"line":100,"column":6},"end":{"line":100,"column":28}},"31":{"start":{"line":108,"column":15},"end":{"line":112,"column":19}},"32":{"start":{"line":109,"column":4},"end":{"line":109,"column":25}},"33":{"start":{"line":110,"column":4},"end":{"line":110,"column":22}},"34":{"start":{"line":111,"column":4},"end":{"line":111,"column":19}},"35":{"start":{"line":114,"column":2},"end":{"line":121,"column":4}},"36":{"start":{"line":132,"column":33},"end":{"line":215,"column":1}},"37":{"start":{"line":133,"column":45},"end":{"line":133,"column":52}},"38":{"start":{"line":135,"column":27},"end":{"line":135,"column":40}},"39":{"start":{"line":136,"column":25},"end":{"line":136,"column":47}},"40":{"start":{"line":137,"column":37},"end":{"line":137,"column":49}},"41":{"start":{"line":138,"column":31},"end":{"line":138,"column":47}},"42":{"start":{"line":139,"column":27},"end":{"line":139,"column":42}},"43":{"start":{"line":140,"column":25},"end":{"line":140,"column":43}},"44":{"start":{"line":141,"column":22},"end":{"line":141,"column":35}},"45":{"start":{"line":143,"column":1},"end":{"line":147,"column":9}},"46":{"start":{"line":144,"column":4},"end":{"line":146,"column":6}},"47":{"start":{"line":145,"column":6},"end":{"line":145,"column":35}},"48":{"start":{"line":149,"column":15},"end":{"line":178,"column":3}},"49":{"start":{"line":151,"column":6},"end":{"line":175,"column":7}},"50":{"start":{"line":152,"column":8},"end":{"line":152,"column":25}},"51":{"start":{"line":153,"column":8},"end":{"line":153,"column":23}},"52":{"start":{"line":155,"column":23},"end":{"line":155,"column":52}},"53":{"start":{"line":157,"column":8},"end":{"line":157,"column":42}},"54":{"start":{"line":157,"column":35},"end":{"line":157,"column":42}},"55":{"start":{"line":159,"column":8},"end":{"line":159,"column":37}},"56":{"start":{"line":160,"column":8},"end":{"line":160,"column":41}},"57":{"start":{"line":161,"column":8},"end":{"line":161,"column":26}},"58":{"start":{"line":163,"column":8},"end":{"line":163,"column":22}},"59":{"start":{"line":165,"column":8},"end":{"line":165,"column":42}},"60":{"start":{"line":165,"column":35},"end":{"line":165,"column":42}},"61":{"start":{"line":167,"column":28},"end":{"line":170,"column":10}},"62":{"start":{"line":172,"column":8},"end":{"line":172,"column":30}},"63":{"start":{"line":173,"column":8},"end":{"line":173,"column":26}},"64":{"start":{"line":174,"column":8},"end":{"line":174,"column":18}},"65":{"start":{"line":180,"column":18},"end":{"line":182,"column":8}},"66":{"start":{"line":181,"column":4},"end":{"line":181,"column":34}},"67":{"start":{"line":184,"column":18},"end":{"line":186,"column":22}},"68":{"start":{"line":185,"column":4},"end":{"line":185,"column":23}},"69":{"start":{"line":188,"column":18},"end":{"line":190,"column":22}},"70":{"start":{"line":189,"column":4},"end":{"line":189,"column":23}},"71":{"start":{"line":192,"column":15},"end":{"line":197,"column":19}},"72":{"start":{"line":193,"column":4},"end":{"line":193,"column":17}},"73":{"start":{"line":194,"column":4},"end":{"line":194,"column":25}},"74":{"start":{"line":195,"column":4},"end":{"line":195,"column":21}},"75":{"start":{"line":196,"column":4},"end":{"line":196,"column":19}},"76":{"start":{"line":199,"column":21},"end":{"line":199,"column":53}},"77":{"start":{"line":201,"column":2},"end":{"line":214,"column":4}},"78":{"start":{"line":231,"column":25},"end":{"line":294,"column":1}},"79":{"start":{"line":235,"column":6},"end":{"line":235,"column":13}},"80":{"start":{"line":237,"column":31},"end":{"line":237,"column":47}},"81":{"start":{"line":238,"column":27},"end":{"line":238,"column":42}},"82":{"start":{"line":239,"column":25},"end":{"line":239,"column":43}},"83":{"start":{"line":240,"column":22},"end":{"line":240,"column":35}},"84":{"start":{"line":242,"column":1},"end":{"line":246,"column":9}},"85":{"start":{"line":243,"column":4},"end":{"line":245,"column":6}},"86":{"start":{"line":244,"column":6},"end":{"line":244,"column":35}},"87":{"start":{"line":248,"column":17},"end":{"line":281,"column":3}},"88":{"start":{"line":250,"column":57},"end":{"line":250,"column":68}},"89":{"start":{"line":252,"column":6},"end":{"line":278,"column":7}},"90":{"start":{"line":253,"column":8},"end":{"line":253,"column":25}},"91":{"start":{"line":254,"column":8},"end":{"line":254,"column":23}},"92":{"start":{"line":256,"column":23},"end":{"line":256,"column":38}},"93":{"start":{"line":258,"column":8},"end":{"line":258,"column":42}},"94":{"start":{"line":258,"column":35},"end":{"line":258,"column":42}},"95":{"start":{"line":260,"column":8},"end":{"line":260,"column":26}},"96":{"start":{"line":261,"column":8},"end":{"line":261,"column":28}},"97":{"start":{"line":263,"column":8},"end":{"line":263,"column":22}},"98":{"start":{"line":265,"column":8},"end":{"line":265,"column":42}},"99":{"start":{"line":265,"column":35},"end":{"line":265,"column":42}},"100":{"start":{"line":267,"column":28},"end":{"line":271,"column":10}},"101":{"start":{"line":273,"column":8},"end":{"line":273,"column":30}},"102":{"start":{"line":274,"column":8},"end":{"line":274,"column":26}},"103":{"start":{"line":275,"column":8},"end":{"line":275,"column":31}},"104":{"start":{"line":277,"column":8},"end":{"line":277,"column":18}},"105":{"start":{"line":283,"column":15},"end":{"line":286,"column":8}},"106":{"start":{"line":284,"column":4},"end":{"line":284,"column":22}},"107":{"start":{"line":285,"column":4},"end":{"line":285,"column":19}},"108":{"start":{"line":288,"column":2},"end":{"line":293,"column":4}}},"fnMap":{"0":{"name":"(anonymous_0)","decl":{"start":{"line":30,"column":27},"end":{"line":30,"column":28}},"loc":{"start":{"line":30,"column":45},"end":{"line":122,"column":1}},"line":30},"1":{"name":"(anonymous_1)","decl":{"start":{"line":45,"column":12},"end":{"line":45,"column":13}},"loc":{"start":{"line":45,"column":18},"end":{"line":49,"column":3}},"line":45},"2":{"name":"(anonymous_2)","decl":{"start":{"line":46,"column":11},"end":{"line":46,"column":12}},"loc":{"start":{"line":46,"column":17},"end":{"line":48,"column":5}},"line":46},"3":{"name":"(anonymous_3)","decl":{"start":{"line":57,"column":4},"end":{"line":57,"column":9}},"loc":{"start":{"line":57,"column":42},"end":{"line":91,"column":5}},"line":57},"4":{"name":"(anonymous_4)","decl":{"start":{"line":99,"column":4},"end":{"line":99,"column":9}},"loc":{"start":{"line":99,"column":23},"end":{"line":101,"column":5}},"line":99},"5":{"name":"(anonymous_5)","decl":{"start":{"line":108,"column":28},"end":{"line":108,"column":29}},"loc":{"start":{"line":108,"column":34},"end":{"line":112,"column":3}},"line":108},"6":{"name":"(anonymous_6)","decl":{"start":{"line":132,"column":33},"end":{"line":132,"column":34}},"loc":{"start":{"line":132,"column":51},"end":{"line":215,"column":1}},"line":132},"7":{"name":"(anonymous_7)","decl":{"start":{"line":143,"column":12},"end":{"line":143,"column":13}},"loc":{"start":{"line":143,"column":18},"end":{"line":147,"column":3}},"line":143},"8":{"name":"(anonymous_8)","decl":{"start":{"line":144,"column":11},"end":{"line":144,"column":12}},"loc":{"start":{"line":144,"column":17},"end":{"line":146,"column":5}},"line":144},"9":{"name":"(anonymous_9)","decl":{"start":{"line":150,"column":4},"end":{"line":150,"column":9}},"loc":{"start":{"line":150,"column":23},"end":{"line":176,"column":5}},"line":150},"10":{"name":"(anonymous_10)","decl":{"start":{"line":180,"column":31},"end":{"line":180,"column":32}},"loc":{"start":{"line":180,"column":44},"end":{"line":182,"column":3}},"line":180},"11":{"name":"(anonymous_11)","decl":{"start":{"line":184,"column":31},"end":{"line":184,"column":32}},"loc":{"start":{"line":184,"column":37},"end":{"line":186,"column":3}},"line":184},"12":{"name":"(anonymous_12)","decl":{"start":{"line":188,"column":31},"end":{"line":188,"column":32}},"loc":{"start":{"line":188,"column":37},"end":{"line":190,"column":3}},"line":188},"13":{"name":"(anonymous_13)","decl":{"start":{"line":192,"column":28},"end":{"line":192,"column":29}},"loc":{"start":{"line":192,"column":34},"end":{"line":197,"column":3}},"line":192},"14":{"name":"(anonymous_14)","decl":{"start":{"line":231,"column":25},"end":{"line":231,"column":26}},"loc":{"start":{"line":231,"column":43},"end":{"line":294,"column":1}},"line":231},"15":{"name":"(anonymous_15)","decl":{"start":{"line":242,"column":12},"end":{"line":242,"column":13}},"loc":{"start":{"line":242,"column":18},"end":{"line":246,"column":3}},"line":242},"16":{"name":"(anonymous_16)","decl":{"start":{"line":243,"column":11},"end":{"line":243,"column":12}},"loc":{"start":{"line":243,"column":17},"end":{"line":245,"column":5}},"line":243},"17":{"name":"(anonymous_17)","decl":{"start":{"line":249,"column":4},"end":{"line":249,"column":9}},"loc":{"start":{"line":249,"column":41},"end":{"line":279,"column":5}},"line":249},"18":{"name":"(anonymous_18)","decl":{"start":{"line":283,"column":28},"end":{"line":283,"column":29}},"loc":{"start":{"line":283,"column":34},"end":{"line":286,"column":3}},"line":283}},"branchMap":{"0":{"loc":{"start":{"line":30,"column":28},"end":{"line":30,"column":40}},"type":"default-arg","locations":[{"start":{"line":30,"column":38},"end":{"line":30,"column":40}}],"line":30},"1":{"loc":{"start":{"line":32,"column":4},"end":{"line":32,"column":21}},"type":"default-arg","locations":[{"start":{"line":32,"column":16},"end":{"line":32,"column":21}}],"line":32},"2":{"loc":{"start":{"line":35,"column":4},"end":{"line":35,"column":22}},"type":"default-arg","locations":[{"start":{"line":35,"column":18},"end":{"line":35,"column":22}}],"line":35},"3":{"loc":{"start":{"line":57,"column":20},"end":{"line":57,"column":37}},"type":"default-arg","locations":[{"start":{"line":57,"column":35},"end":{"line":57,"column":37}}],"line":57},"4":{"loc":{"start":{"line":59,"column":8},"end":{"line":59,"column":29}},"type":"default-arg","locations":[{"start":{"line":59,"column":18},"end":{"line":59,"column":29}}],"line":59},"5":{"loc":{"start":{"line":60,"column":8},"end":{"line":60,"column":24}},"type":"default-arg","locations":[{"start":{"line":60,"column":20},"end":{"line":60,"column":24}}],"line":60},"6":{"loc":{"start":{"line":69,"column":8},"end":{"line":69,"column":42}},"type":"if","locations":[{"start":{"line":69,"column":8},"end":{"line":69,"column":42}},{"start":{},"end":{}}],"line":69},"7":{"loc":{"start":{"line":77,"column":8},"end":{"line":77,"column":42}},"type":"if","locations":[{"start":{"line":77,"column":8},"end":{"line":77,"column":42}},{"start":{},"end":{}}],"line":77},"8":{"loc":{"start":{"line":132,"column":34},"end":{"line":132,"column":46}},"type":"default-arg","locations":[{"start":{"line":132,"column":44},"end":{"line":132,"column":46}}],"line":132},"9":{"loc":{"start":{"line":133,"column":10},"end":{"line":133,"column":23}},"type":"default-arg","locations":[{"start":{"line":133,"column":21},"end":{"line":133,"column":23}}],"line":133},"10":{"loc":{"start":{"line":133,"column":25},"end":{"line":133,"column":40}},"type":"default-arg","locations":[{"start":{"line":133,"column":39},"end":{"line":133,"column":40}}],"line":133},"11":{"loc":{"start":{"line":157,"column":8},"end":{"line":157,"column":42}},"type":"if","locations":[{"start":{"line":157,"column":8},"end":{"line":157,"column":42}},{"start":{},"end":{}}],"line":157},"12":{"loc":{"start":{"line":159,"column":17},"end":{"line":159,"column":35}},"type":"binary-expr","locations":[{"start":{"line":159,"column":17},"end":{"line":159,"column":29}},{"start":{"line":159,"column":33},"end":{"line":159,"column":35}}],"line":159},"13":{"loc":{"start":{"line":160,"column":22},"end":{"line":160,"column":39}},"type":"binary-expr","locations":[{"start":{"line":160,"column":22},"end":{"line":160,"column":34}},{"start":{"line":160,"column":38},"end":{"line":160,"column":39}}],"line":160},"14":{"loc":{"start":{"line":165,"column":8},"end":{"line":165,"column":42}},"type":"if","locations":[{"start":{"line":165,"column":8},"end":{"line":165,"column":42}},{"start":{},"end":{}}],"line":165},"15":{"loc":{"start":{"line":231,"column":26},"end":{"line":231,"column":38}},"type":"default-arg","locations":[{"start":{"line":231,"column":36},"end":{"line":231,"column":38}}],"line":231},"16":{"loc":{"start":{"line":249,"column":20},"end":{"line":249,"column":36}},"type":"default-arg","locations":[{"start":{"line":249,"column":34},"end":{"line":249,"column":36}}],"line":249},"17":{"loc":{"start":{"line":250,"column":14},"end":{"line":250,"column":34}},"type":"default-arg","locations":[{"start":{"line":250,"column":24},"end":{"line":250,"column":34}}],"line":250},"18":{"loc":{"start":{"line":250,"column":36},"end":{"line":250,"column":52}},"type":"default-arg","locations":[{"start":{"line":250,"column":48},"end":{"line":250,"column":52}}],"line":250},"19":{"loc":{"start":{"line":258,"column":8},"end":{"line":258,"column":42}},"type":"if","locations":[{"start":{"line":258,"column":8},"end":{"line":258,"column":42}},{"start":{},"end":{}}],"line":258},"20":{"loc":{"start":{"line":265,"column":8},"end":{"line":265,"column":42}},"type":"if","locations":[{"start":{"line":265,"column":8},"end":{"line":265,"column":42}},{"start":{},"end":{}}],"line":265}},"s":{"0":1,"1":5,"2":5,"3":5,"4":5,"5":5,"6":5,"7":5,"8":4,"9":4,"10":5,"11":1,"12":1,"13":1,"14":1,"15":1,"16":1,"17":0,"18":1,"19":1,"20":1,"21":1,"22":0,"23":0,"24":0,"25":0,"26":0,"27":0,"28":0,"29":5,"30":0,"31":5,"32":1,"33":1,"34":1,"35":5,"36":1,"37":2,"38":2,"39":2,"40":2,"41":2,"42":2,"43":2,"44":2,"45":2,"46":2,"47":2,"48":2,"49":0,"50":0,"51":0,"52":0,"53":0,"54":0,"55":0,"56":0,"57":0,"58":0,"59":0,"60":0,"61":0,"62":0,"63":0,"64":0,"65":2,"66":0,"67":2,"68":0,"69":2,"70":0,"71":2,"72":0,"73":0,"74":0,"75":0,"76":2,"77":2,"78":1,"79":3,"80":3,"81":3,"82":3,"83":3,"84":3,"85":2,"86":2,"87":3,"88":1,"89":1,"90":1,"91":1,"92":1,"93":1,"94":0,"95":1,"96":1,"97":1,"98":0,"99":0,"100":0,"101":0,"102":0,"103":0,"104":0,"105":3,"106":0,"107":0,"108":3},"f":{"0":5,"1":4,"2":4,"3":1,"4":0,"5":1,"6":2,"7":2,"8":2,"9":0,"10":0,"11":0,"12":0,"13":0,"14":3,"15":2,"16":2,"17":1,"18":0},"b":{"0":[5],"1":[5],"2":[5],"3":[1],"4":[1],"5":[1],"6":[0,1],"7":[0,0],"8":[2],"9":[2],"10":[2],"11":[0,0],"12":[0,0],"13":[0,0],"14":[0,0],"15":[3],"16":[1],"17":[1],"18":[1],"19":[0,1],"20":[0,0]},"meta":{"lastBranch":21,"lastFunction":19,"lastStatement":109,"seen":{"s:30:27:122:1":0,"f:30:27:30:28":0,"b:30:38:30:40":0,"s:36:6:36:13":1,"b:32:16:32:21":1,"b:35:18:35:22":2,"s:38:25:38:47":2,"s:39:31:39:47":3,"s:40:27:40:42":4,"s:41:22:41:35":5,"s:42:25:42:43":6,"s:45:1:49:9":7,"f:45:12:45:13":1,"s:46:4:48:6":8,"f:46:11:46:12":2,"s:47:6:47:35":9,"s:56:15:93:3":10,"f:57:4:57:9":3,"b:57:35:57:37":3,"s:61:10:61:22":11,"b:59:18:59:29":4,"b:60:20:60:24":5,"s:63:6:90:7":12,"s:64:8:64:25":13,"s:65:8:65:23":14,"s:67:23:67:38":15,"b:69:8:69:42:undefined:undefined:undefined:undefined":6,"s:69:8:69:42":16,"s:69:35:69:42":17,"s:71:8:71:24":18,"s:72:8:72:26":19,"s:73:8:73:28":20,"s:75:8:75:22":21,"b:77:8:77:42:undefined:undefined:undefined:undefined":7,"s:77:8:77:42":22,"s:77:35:77:42":23,"s:79:28:83:10":24,"s:85:8:85:30":25,"s:86:8:86:26":26,"s:87:8:87:31":27,"s:89:8:89:18":28,"s:98:17:103:3":29,"f:99:4:99:9":4,"s:100:6:100:28":30,"s:108:15:112:19":31,"f:108:28:108:29":5,"s:109:4:109:25":32,"s:110:4:110:22":33,"s:111:4:111:19":34,"s:114:2:121:4":35,"s:132:33:215:1":36,"f:132:33:132:34":6,"b:132:44:132:46":8,"s:133:45:133:52":37,"b:133:21:133:23":9,"b:133:39:133:40":10,"s:135:27:135:40":38,"s:136:25:136:47":39,"s:137:37:137:49":40,"s:138:31:138:47":41,"s:139:27:139:42":42,"s:140:25:140:43":43,"s:141:22:141:35":44,"s:143:1:147:9":45,"f:143:12:143:13":7,"s:144:4:146:6":46,"f:144:11:144:12":8,"s:145:6:145:35":47,"s:149:15:178:3":48,"f:150:4:150:9":9,"s:151:6:175:7":49,"s:152:8:152:25":50,"s:153:8:153:23":51,"s:155:23:155:52":52,"b:157:8:157:42:undefined:undefined:undefined:undefined":11,"s:157:8:157:42":53,"s:157:35:157:42":54,"s:159:8:159:37":55,"b:159:17:159:29:159:33:159:35":12,"s:160:8:160:41":56,"b:160:22:160:34:160:38:160:39":13,"s:161:8:161:26":57,"s:163:8:163:22":58,"b:165:8:165:42:undefined:undefined:undefined:undefined":14,"s:165:8:165:42":59,"s:165:35:165:42":60,"s:167:28:170:10":61,"s:172:8:172:30":62,"s:173:8:173:26":63,"s:174:8:174:18":64,"s:180:18:182:8":65,"f:180:31:180:32":10,"s:181:4:181:34":66,"s:184:18:186:22":67,"f:184:31:184:32":11,"s:185:4:185:23":68,"s:188:18:190:22":69,"f:188:31:188:32":12,"s:189:4:189:23":70,"s:192:15:197:19":71,"f:192:28:192:29":13,"s:193:4:193:17":72,"s:194:4:194:25":73,"s:195:4:195:21":74,"s:196:4:196:19":75,"s:199:21:199:53":76,"s:201:2:214:4":77,"s:231:25:294:1":78,"f:231:25:231:26":14,"b:231:36:231:38":15,"s:235:6:235:13":79,"s:237:31:237:47":80,"s:238:27:238:42":81,"s:239:25:239:43":82,"s:240:22:240:35":83,"s:242:1:246:9":84,"f:242:12:242:13":15,"s:243:4:245:6":85,"f:243:11:243:12":16,"s:244:6:244:35":86,"s:248:17:281:3":87,"f:249:4:249:9":17,"b:249:34:249:36":16,"s:250:57:250:68":88,"b:250:24:250:34":17,"b:250:48:250:52":18,"s:252:6:278:7":89,"s:253:8:253:25":90,"s:254:8:254:23":91,"s:256:23:256:38":92,"b:258:8:258:42:undefined:undefined:undefined:undefined":19,"s:258:8:258:42":93,"s:258:35:258:42":94,"s:260:8:260:26":95,"s:261:8:261:28":96,"s:263:8:263:22":97,"b:265:8:265:42:undefined:undefined:undefined:undefined":20,"s:265:8:265:42":98,"s:265:35:265:42":99,"s:267:28:271:10":100,"s:273:8:273:30":101,"s:274:8:274:26":102,"s:275:8:275:31":103,"s:277:8:277:18":104,"s:283:15:286:8":105,"f:283:28:283:29":18,"s:284:4:284:22":106,"s:285:4:285:19":107,"s:288:2:293:4":108}}}
,"D:\\TMDT-team\\watch-ecommerce\\frontend\\src\\hooks\\useErrorHandler.js": {"path":"D:\\TMDT-team\\watch-ecommerce\\frontend\\src\\hooks\\useErrorHandler.js","statementMap":{"0":{"start":{"line":23,"column":31},"end":{"line":169,"column":1}},"1":{"start":{"line":24,"column":18},"end":{"line":24,"column":59}},"2":{"start":{"line":24,"column":44},"end":{"line":24,"column":58}},"3":{"start":{"line":25,"column":20},"end":{"line":25,"column":63}},"4":{"start":{"line":25,"column":46},"end":{"line":25,"column":62}},"5":{"start":{"line":39,"column":21},"end":{"line":81,"column":3}},"6":{"start":{"line":49,"column":10},"end":{"line":49,"column":17}},"7":{"start":{"line":51,"column":20},"end":{"line":51,"column":38}},"8":{"start":{"line":52,"column":21},"end":{"line":52,"column":44}},"9":{"start":{"line":55,"column":6},"end":{"line":57,"column":7}},"10":{"start":{"line":56,"column":7},"end":{"line":56,"column":33}},"11":{"start":{"line":60,"column":6},"end":{"line":62,"column":7}},"12":{"start":{"line":61,"column":8},"end":{"line":61,"column":38}},"13":{"start":{"line":65,"column":6},"end":{"line":67,"column":7}},"14":{"start":{"line":66,"column":8},"end":{"line":66,"column":43}},"15":{"start":{"line":70,"column":6},"end":{"line":72,"column":7}},"16":{"start":{"line":71,"column":8},"end":{"line":71,"column":24}},"17":{"start":{"line":74,"column":6},"end":{"line":76,"column":7}},"18":{"start":{"line":75,"column":8},"end":{"line":75,"column":36}},"19":{"start":{"line":78,"column":6},"end":{"line":78,"column":20}},"20":{"start":{"line":89,"column":27},"end":{"line":104,"column":3}},"21":{"start":{"line":91,"column":6},"end":{"line":101,"column":8}},"22":{"start":{"line":92,"column":8},"end":{"line":100,"column":9}},"23":{"start":{"line":93,"column":10},"end":{"line":93,"column":35}},"24":{"start":{"line":95,"column":10},"end":{"line":98,"column":13}},"25":{"start":{"line":99,"column":10},"end":{"line":99,"column":22}},"26":{"start":{"line":112,"column":27},"end":{"line":123,"column":3}},"27":{"start":{"line":114,"column":21},"end":{"line":114,"column":63}},"28":{"start":{"line":115,"column":34},"end":{"line":115,"column":41}},"29":{"start":{"line":117,"column":6},"end":{"line":117,"column":36}},"30":{"start":{"line":118,"column":6},"end":{"line":118,"column":41}},"31":{"start":{"line":120,"column":6},"end":{"line":120,"column":21}},"32":{"start":{"line":129,"column":30},"end":{"line":133,"column":8}},"33":{"start":{"line":130,"column":4},"end":{"line":132,"column":7}},"34":{"start":{"line":131,"column":6},"end":{"line":131,"column":62}},"35":{"start":{"line":140,"column":24},"end":{"line":159,"column":3}},"36":{"start":{"line":146,"column":10},"end":{"line":146,"column":17}},"37":{"start":{"line":148,"column":20},"end":{"line":148,"column":38}},"38":{"start":{"line":149,"column":28},"end":{"line":149,"column":55}},"39":{"start":{"line":151,"column":6},"end":{"line":154,"column":7}},"40":{"start":{"line":152,"column":8},"end":{"line":152,"column":55}},"41":{"start":{"line":153,"column":8},"end":{"line":153,"column":22}},"42":{"start":{"line":156,"column":6},"end":{"line":156,"column":54}},"43":{"start":{"line":161,"column":2},"end":{"line":168,"column":4}}},"fnMap":{"0":{"name":"(anonymous_0)","decl":{"start":{"line":23,"column":31},"end":{"line":23,"column":32}},"loc":{"start":{"line":23,"column":37},"end":{"line":169,"column":1}},"line":23},"1":{"name":"(anonymous_1)","decl":{"start":{"line":24,"column":33},"end":{"line":24,"column":34}},"loc":{"start":{"line":24,"column":44},"end":{"line":24,"column":58}},"line":24},"2":{"name":"(anonymous_2)","decl":{"start":{"line":25,"column":35},"end":{"line":25,"column":36}},"loc":{"start":{"line":25,"column":46},"end":{"line":25,"column":62}},"line":25},"3":{"name":"(anonymous_3)","decl":{"start":{"line":40,"column":4},"end":{"line":40,"column":5}},"loc":{"start":{"line":40,"column":29},"end":{"line":79,"column":5}},"line":40},"4":{"name":"(anonymous_4)","decl":{"start":{"line":90,"column":4},"end":{"line":90,"column":5}},"loc":{"start":{"line":90,"column":26},"end":{"line":102,"column":5}},"line":90},"5":{"name":"(anonymous_5)","decl":{"start":{"line":91,"column":13},"end":{"line":91,"column":18}},"loc":{"start":{"line":91,"column":32},"end":{"line":101,"column":7}},"line":91},"6":{"name":"(anonymous_6)","decl":{"start":{"line":113,"column":4},"end":{"line":113,"column":5}},"loc":{"start":{"line":113,"column":64},"end":{"line":121,"column":5}},"line":113},"7":{"name":"(anonymous_7)","decl":{"start":{"line":129,"column":43},"end":{"line":129,"column":44}},"loc":{"start":{"line":129,"column":65},"end":{"line":133,"column":3}},"line":129},"8":{"name":"(anonymous_8)","decl":{"start":{"line":130,"column":45},"end":{"line":130,"column":46}},"loc":{"start":{"line":130,"column":67},"end":{"line":132,"column":5}},"line":130},"9":{"name":"(anonymous_9)","decl":{"start":{"line":141,"column":4},"end":{"line":141,"column":5}},"loc":{"start":{"line":141,"column":29},"end":{"line":157,"column":5}},"line":141}},"branchMap":{"0":{"loc":{"start":{"line":40,"column":12},"end":{"line":40,"column":24}},"type":"default-arg","locations":[{"start":{"line":40,"column":22},"end":{"line":40,"column":24}}],"line":40},"1":{"loc":{"start":{"line":42,"column":8},"end":{"line":42,"column":27}},"type":"default-arg","locations":[{"start":{"line":42,"column":18},"end":{"line":42,"column":27}}],"line":42},"2":{"loc":{"start":{"line":43,"column":8},"end":{"line":43,"column":24}},"type":"default-arg","locations":[{"start":{"line":43,"column":20},"end":{"line":43,"column":24}}],"line":43},"3":{"loc":{"start":{"line":44,"column":8},"end":{"line":44,"column":26}},"type":"default-arg","locations":[{"start":{"line":44,"column":22},"end":{"line":44,"column":26}}],"line":44},"4":{"loc":{"start":{"line":45,"column":8},"end":{"line":45,"column":20}},"type":"default-arg","locations":[{"start":{"line":45,"column":16},"end":{"line":45,"column":20}}],"line":45},"5":{"loc":{"start":{"line":46,"column":8},"end":{"line":46,"column":23}},"type":"default-arg","locations":[{"start":{"line":46,"column":19},"end":{"line":46,"column":23}}],"line":46},"6":{"loc":{"start":{"line":55,"column":6},"end":{"line":57,"column":7}},"type":"if","locations":[{"start":{"line":55,"column":6},"end":{"line":57,"column":7}},{"start":{},"end":{}}],"line":55},"7":{"loc":{"start":{"line":60,"column":6},"end":{"line":62,"column":7}},"type":"if","locations":[{"start":{"line":60,"column":6},"end":{"line":62,"column":7}},{"start":{},"end":{}}],"line":60},"8":{"loc":{"start":{"line":65,"column":6},"end":{"line":67,"column":7}},"type":"if","locations":[{"start":{"line":65,"column":6},"end":{"line":67,"column":7}},{"start":{},"end":{}}],"line":65},"9":{"loc":{"start":{"line":70,"column":6},"end":{"line":72,"column":7}},"type":"if","locations":[{"start":{"line":70,"column":6},"end":{"line":72,"column":7}},{"start":{},"end":{}}],"line":70},"10":{"loc":{"start":{"line":74,"column":6},"end":{"line":76,"column":7}},"type":"if","locations":[{"start":{"line":74,"column":6},"end":{"line":76,"column":7}},{"start":{},"end":{}}],"line":74},"11":{"loc":{"start":{"line":90,"column":9},"end":{"line":90,"column":21}},"type":"default-arg","locations":[{"start":{"line":90,"column":19},"end":{"line":90,"column":21}}],"line":90},"12":{"loc":{"start":{"line":96,"column":21},"end":{"line":96,"column":47}},"type":"binary-expr","locations":[{"start":{"line":96,"column":21},"end":{"line":96,"column":28}},{"start":{"line":96,"column":32},"end":{"line":96,"column":47}}],"line":96},"13":{"loc":{"start":{"line":113,"column":12},"end":{"line":113,"column":45}},"type":"default-arg","locations":[{"start":{"line":113,"column":30},"end":{"line":113,"column":45}}],"line":113},"14":{"loc":{"start":{"line":113,"column":47},"end":{"line":113,"column":59}},"type":"default-arg","locations":[{"start":{"line":113,"column":57},"end":{"line":113,"column":59}}],"line":113},"15":{"loc":{"start":{"line":114,"column":21},"end":{"line":114,"column":63}},"type":"binary-expr","locations":[{"start":{"line":114,"column":21},"end":{"line":114,"column":44}},{"start":{"line":114,"column":48},"end":{"line":114,"column":63}}],"line":114},"16":{"loc":{"start":{"line":115,"column":14},"end":{"line":115,"column":29}},"type":"default-arg","locations":[{"start":{"line":115,"column":25},"end":{"line":115,"column":29}}],"line":115},"17":{"loc":{"start":{"line":141,"column":12},"end":{"line":141,"column":24}},"type":"default-arg","locations":[{"start":{"line":141,"column":22},"end":{"line":141,"column":24}}],"line":141},"18":{"loc":{"start":{"line":143,"column":8},"end":{"line":143,"column":28}},"type":"default-arg","locations":[{"start":{"line":143,"column":18},"end":{"line":143,"column":28}}],"line":143},"19":{"loc":{"start":{"line":144,"column":8},"end":{"line":144,"column":27}},"type":"default-arg","locations":[{"start":{"line":144,"column":25},"end":{"line":144,"column":27}}],"line":144},"20":{"loc":{"start":{"line":151,"column":6},"end":{"line":154,"column":7}},"type":"if","locations":[{"start":{"line":151,"column":6},"end":{"line":154,"column":7}},{"start":{},"end":{}}],"line":151}},"s":{"0":4,"1":23,"2":23,"3":23,"4":23,"5":23,"6":4,"7":4,"8":4,"9":4,"10":4,"11":4,"12":4,"13":4,"14":4,"15":4,"16":0,"17":4,"18":0,"19":4,"20":23,"21":2,"22":2,"23":2,"24":1,"25":1,"26":23,"27":0,"28":0,"29":0,"30":0,"31":0,"32":23,"33":1,"34":2,"35":23,"36":1,"37":1,"38":1,"39":1,"40":0,"41":0,"42":1,"43":23},"f":{"0":23,"1":23,"2":23,"3":4,"4":2,"5":2,"6":0,"7":1,"8":2,"9":1},"b":{"0":[4],"1":[4],"2":[4],"3":[4],"4":[4],"5":[4],"6":[4,0],"7":[4,0],"8":[4,0],"9":[0,4],"10":[0,4],"11":[2],"12":[1,0],"13":[0],"14":[0],"15":[0,0],"16":[0],"17":[1],"18":[1],"19":[1],"20":[0,1]},"meta":{"lastBranch":21,"lastFunction":10,"lastStatement":44,"seen":{"s:23:31:169:1":0,"f:23:31:23:32":0,"s:24:18:24:59":1,"f:24:33:24:34":1,"s:24:44:24:58":2,"s:25:20:25:63":3,"f:25:35:25:36":2,"s:25:46:25:62":4,"s:39:21:81:3":5,"f:40:4:40:5":3,"b:40:22:40:24":0,"s:49:10:49:17":6,"b:42:18:42:27":1,"b:43:20:43:24":2,"b:44:22:44:26":3,"b:45:16:45:20":4,"b:46:19:46:23":5,"s:51:20:51:38":7,"s:52:21:52:44":8,"b:55:6:57:7:undefined:undefined:undefined:undefined":6,"s:55:6:57:7":9,"s:56:7:56:33":10,"b:60:6:62:7:undefined:undefined:undefined:undefined":7,"s:60:6:62:7":11,"s:61:8:61:38":12,"b:65:6:67:7:undefined:undefined:undefined:undefined":8,"s:65:6:67:7":13,"s:66:8:66:43":14,"b:70:6:72:7:undefined:undefined:undefined:undefined":9,"s:70:6:72:7":15,"s:71:8:71:24":16,"b:74:6:76:7:undefined:undefined:undefined:undefined":10,"s:74:6:76:7":17,"s:75:8:75:36":18,"s:78:6:78:20":19,"s:89:27:104:3":20,"f:90:4:90:5":4,"b:90:19:90:21":11,"s:91:6:101:8":21,"f:91:13:91:18":5,"s:92:8:100:9":22,"s:93:10:93:35":23,"s:95:10:98:13":24,"b:96:21:96:28:96:32:96:47":12,"s:99:10:99:22":25,"s:112:27:123:3":26,"f:113:4:113:5":6,"b:113:30:113:45":13,"b:113:57:113:59":14,"s:114:21:114:63":27,"b:114:21:114:44:114:48:114:63":15,"s:115:34:115:41":28,"b:115:25:115:29":16,"s:117:6:117:36":29,"s:118:6:118:41":30,"s:120:6:120:21":31,"s:129:30:133:8":32,"f:129:43:129:44":7,"s:130:4:132:7":33,"f:130:45:130:46":8,"s:131:6:131:62":34,"s:140:24:159:3":35,"f:141:4:141:5":9,"b:141:22:141:24":17,"s:146:10:146:17":36,"b:143:18:143:28":18,"b:144:25:144:27":19,"s:148:20:148:38":37,"s:149:28:149:55":38,"b:151:6:154:7:undefined:undefined:undefined:undefined":20,"s:151:6:154:7":39,"s:152:8:152:55":40,"s:153:8:153:22":41,"s:156:6:156:54":42,"s:161:2:168:4":43}}}
,"D:\\TMDT-team\\watch-ecommerce\\frontend\\src\\hooks\\useOrderForm.js": {"path":"D:\\TMDT-team\\watch-ecommerce\\frontend\\src\\hooks\\useOrderForm.js","statementMap":{"0":{"start":{"line":6,"column":25},"end":{"line":11,"column":4}},"1":{"start":{"line":12,"column":29},"end":{"line":12,"column":45}},"2":{"start":{"line":14,"column":1},"end":{"line":23,"column":21}},"3":{"start":{"line":15,"column":4},"end":{"line":22,"column":5}},"4":{"start":{"line":16,"column":6},"end":{"line":21,"column":9}},"5":{"start":{"line":25,"column":23},"end":{"line":27,"column":3}},"6":{"start":{"line":26,"column":4},"end":{"line":26,"column":47}},"7":{"start":{"line":26,"column":20},"end":{"line":26,"column":44}},"8":{"start":{"line":29,"column":22},"end":{"line":47,"column":3}},"9":{"start":{"line":30,"column":4},"end":{"line":30,"column":25}},"10":{"start":{"line":30,"column":18},"end":{"line":30,"column":25}},"11":{"start":{"line":31,"column":4},"end":{"line":31,"column":20}},"12":{"start":{"line":32,"column":4},"end":{"line":46,"column":5}},"13":{"start":{"line":33,"column":6},"end":{"line":38,"column":9}},"14":{"start":{"line":39,"column":6},"end":{"line":39,"column":39}},"15":{"start":{"line":40,"column":6},"end":{"line":40,"column":18}},"16":{"start":{"line":42,"column":6},"end":{"line":42,"column":62}},"17":{"start":{"line":43,"column":6},"end":{"line":43,"column":19}},"18":{"start":{"line":45,"column":6},"end":{"line":45,"column":23}},"19":{"start":{"line":49,"column":2},"end":{"line":54,"column":4}}},"fnMap":{"0":{"name":"useOrderForm","decl":{"start":{"line":5,"column":24},"end":{"line":5,"column":36}},"loc":{"start":{"line":5,"column":51},"end":{"line":55,"column":1}},"line":5},"1":{"name":"(anonymous_1)","decl":{"start":{"line":14,"column":12},"end":{"line":14,"column":13}},"loc":{"start":{"line":14,"column":18},"end":{"line":23,"column":3}},"line":14},"2":{"name":"(anonymous_2)","decl":{"start":{"line":25,"column":23},"end":{"line":25,"column":24}},"loc":{"start":{"line":25,"column":41},"end":{"line":27,"column":3}},"line":25},"3":{"name":"(anonymous_3)","decl":{"start":{"line":26,"column":12},"end":{"line":26,"column":13}},"loc":{"start":{"line":26,"column":20},"end":{"line":26,"column":44}},"line":26},"4":{"name":"(anonymous_4)","decl":{"start":{"line":29,"column":22},"end":{"line":29,"column":27}},"loc":{"start":{"line":29,"column":41},"end":{"line":47,"column":3}},"line":29}},"branchMap":{"0":{"loc":{"start":{"line":15,"column":4},"end":{"line":22,"column":5}},"type":"if","locations":[{"start":{"line":15,"column":4},"end":{"line":22,"column":5}},{"start":{},"end":{}}],"line":15},"1":{"loc":{"start":{"line":17,"column":17},"end":{"line":17,"column":44}},"type":"binary-expr","locations":[{"start":{"line":17,"column":17},"end":{"line":17,"column":38}},{"start":{"line":17,"column":42},"end":{"line":17,"column":44}}],"line":17},"2":{"loc":{"start":{"line":18,"column":31},"end":{"line":18,"column":72}},"type":"binary-expr","locations":[{"start":{"line":18,"column":31},"end":{"line":18,"column":66}},{"start":{"line":18,"column":70},"end":{"line":18,"column":72}}],"line":18},"3":{"loc":{"start":{"line":19,"column":22},"end":{"line":19,"column":54}},"type":"binary-expr","locations":[{"start":{"line":19,"column":22},"end":{"line":19,"column":48}},{"start":{"line":19,"column":52},"end":{"line":19,"column":54}}],"line":19},"4":{"loc":{"start":{"line":20,"column":23},"end":{"line":20,"column":56}},"type":"binary-expr","locations":[{"start":{"line":20,"column":23},"end":{"line":20,"column":50}},{"start":{"line":20,"column":54},"end":{"line":20,"column":56}}],"line":20},"5":{"loc":{"start":{"line":30,"column":4},"end":{"line":30,"column":25}},"type":"if","locations":[{"start":{"line":30,"column":4},"end":{"line":30,"column":25}},{"start":{},"end":{}}],"line":30},"6":{"loc":{"start":{"line":36,"column":22},"end":{"line":36,"column":79}},"type":"cond-expr","locations":[{"start":{"line":36,"column":42},"end":{"line":36,"column":67}},{"start":{"line":36,"column":70},"end":{"line":36,"column":79}}],"line":36},"7":{"loc":{"start":{"line":42,"column":18},"end":{"line":42,"column":60}},"type":"binary-expr","locations":[{"start":{"line":42,"column":18},"end":{"line":42,"column":43}},{"start":{"line":42,"column":47},"end":{"line":42,"column":60}}],"line":42}},"s":{"0":8,"1":8,"2":8,"3":4,"4":3,"5":8,"6":1,"7":1,"8":8,"9":0,"10":0,"11":0,"12":0,"13":0,"14":0,"15":0,"16":0,"17":0,"18":0,"19":8},"f":{"0":8,"1":4,"2":1,"3":1,"4":0},"b":{"0":[3,1],"1":[3,0],"2":[3,0],"3":[3,0],"4":[3,0],"5":[0,0],"6":[0,0],"7":[0,0]},"meta":{"lastBranch":8,"lastFunction":5,"lastStatement":20,"seen":{"f:5:24:5:36":0,"s:6:25:11:4":0,"s:12:29:12:45":1,"s:14:1:23:21":2,"f:14:12:14:13":1,"b:15:4:22:5:undefined:undefined:undefined:undefined":0,"s:15:4:22:5":3,"s:16:6:21:9":4,"b:17:17:17:38:17:42:17:44":1,"b:18:31:18:66:18:70:18:72":2,"b:19:22:19:48:19:52:19:54":3,"b:20:23:20:50:20:54:20:56":4,"s:25:23:27:3":5,"f:25:23:25:24":2,"s:26:4:26:47":6,"f:26:12:26:13":3,"s:26:20:26:44":7,"s:29:22:47:3":8,"f:29:22:29:27":4,"b:30:4:30:25:undefined:undefined:undefined:undefined":5,"s:30:4:30:25":9,"s:30:18:30:25":10,"s:31:4:31:20":11,"s:32:4:46:5":12,"s:33:6:38:9":13,"b:36:42:36:67:36:70:36:79":6,"s:39:6:39:39":14,"s:40:6:40:18":15,"s:42:6:42:62":16,"b:42:18:42:43:42:47:42:60":7,"s:43:6:43:19":17,"s:45:6:45:23":18,"s:49:2:54:4":19}}}
,"D:\\TMDT-team\\watch-ecommerce\\frontend\\src\\hooks\\useOrderStatus.js": {"path":"D:\\TMDT-team\\watch-ecommerce\\frontend\\src\\hooks\\useOrderStatus.js","statementMap":{"0":{"start":{"line":5,"column":28},"end":{"line":15,"column":1}},"1":{"start":{"line":17,"column":22},"end":{"line":27,"column":1}},"2":{"start":{"line":30,"column":27},"end":{"line":30,"column":50}},"3":{"start":{"line":31,"column":45},"end":{"line":31,"column":61}},"4":{"start":{"line":32,"column":43},"end":{"line":32,"column":58}},"5":{"start":{"line":34,"column":21},"end":{"line":36,"column":21}},"6":{"start":{"line":35,"column":4},"end":{"line":35,"column":52}},"7":{"start":{"line":38,"column":30},"end":{"line":51,"column":3}},"8":{"start":{"line":39,"column":4},"end":{"line":39,"column":28}},"9":{"start":{"line":40,"column":4},"end":{"line":50,"column":5}},"10":{"start":{"line":41,"column":18},"end":{"line":41,"column":89}},"11":{"start":{"line":42,"column":6},"end":{"line":42,"column":67}},"12":{"start":{"line":43,"column":6},"end":{"line":43,"column":81}},"13":{"start":{"line":44,"column":6},"end":{"line":44,"column":29}},"14":{"start":{"line":44,"column":19},"end":{"line":44,"column":29}},"15":{"start":{"line":46,"column":6},"end":{"line":46,"column":78}},"16":{"start":{"line":48,"column":6},"end":{"line":48,"column":31}},"17":{"start":{"line":49,"column":6},"end":{"line":49,"column":29}},"18":{"start":{"line":53,"column":29},"end":{"line":66,"column":3}},"19":{"start":{"line":54,"column":4},"end":{"line":54,"column":44}},"20":{"start":{"line":54,"column":37},"end":{"line":54,"column":44}},"21":{"start":{"line":55,"column":4},"end":{"line":65,"column":5}},"22":{"start":{"line":56,"column":6},"end":{"line":62,"column":9}},"23":{"start":{"line":61,"column":25},"end":{"line":61,"column":64}},"24":{"start":{"line":64,"column":6},"end":{"line":64,"column":46}},"25":{"start":{"line":68,"column":2},"end":{"line":77,"column":4}}},"fnMap":{"0":{"name":"useOrderStatus","decl":{"start":{"line":29,"column":24},"end":{"line":29,"column":38}},"loc":{"start":{"line":29,"column":53},"end":{"line":78,"column":1}},"line":29},"1":{"name":"(anonymous_1)","decl":{"start":{"line":34,"column":30},"end":{"line":34,"column":31}},"loc":{"start":{"line":34,"column":36},"end":{"line":36,"column":3}},"line":34},"2":{"name":"(anonymous_2)","decl":{"start":{"line":38,"column":30},"end":{"line":38,"column":35}},"loc":{"start":{"line":38,"column":60},"end":{"line":51,"column":3}},"line":38},"3":{"name":"(anonymous_3)","decl":{"start":{"line":53,"column":29},"end":{"line":53,"column":30}},"loc":{"start":{"line":53,"column":53},"end":{"line":66,"column":3}},"line":53},"4":{"name":"(anonymous_4)","decl":{"start":{"line":61,"column":19},"end":{"line":61,"column":20}},"loc":{"start":{"line":61,"column":25},"end":{"line":61,"column":64}},"line":61}},"branchMap":{"0":{"loc":{"start":{"line":35,"column":11},"end":{"line":35,"column":51}},"type":"binary-expr","locations":[{"start":{"line":35,"column":11},"end":{"line":35,"column":45}},{"start":{"line":35,"column":49},"end":{"line":35,"column":51}}],"line":35},"1":{"loc":{"start":{"line":42,"column":15},"end":{"line":42,"column":65}},"type":"binary-expr","locations":[{"start":{"line":42,"column":15},"end":{"line":42,"column":30}},{"start":{"line":42,"column":34},"end":{"line":42,"column":65}}],"line":42},"2":{"loc":{"start":{"line":43,"column":39},"end":{"line":43,"column":76}},"type":"binary-expr","locations":[{"start":{"line":43,"column":39},"end":{"line":43,"column":63}},{"start":{"line":43,"column":67},"end":{"line":43,"column":76}}],"line":43},"3":{"loc":{"start":{"line":44,"column":6},"end":{"line":44,"column":29}},"type":"if","locations":[{"start":{"line":44,"column":6},"end":{"line":44,"column":29}},{"start":{},"end":{}}],"line":44},"4":{"loc":{"start":{"line":46,"column":18},"end":{"line":46,"column":76}},"type":"binary-expr","locations":[{"start":{"line":46,"column":18},"end":{"line":46,"column":43}},{"start":{"line":46,"column":47},"end":{"line":46,"column":76}}],"line":46},"5":{"loc":{"start":{"line":54,"column":4},"end":{"line":54,"column":44}},"type":"if","locations":[{"start":{"line":54,"column":4},"end":{"line":54,"column":44}},{"start":{},"end":{}}],"line":54},"6":{"loc":{"start":{"line":55,"column":4},"end":{"line":65,"column":5}},"type":"if","locations":[{"start":{"line":55,"column":4},"end":{"line":65,"column":5}},{"start":{"line":63,"column":11},"end":{"line":65,"column":5}}],"line":55}},"s":{"0":1,"1":1,"2":6,"3":6,"4":6,"5":6,"6":6,"7":6,"8":0,"9":0,"10":0,"11":0,"12":0,"13":0,"14":0,"15":0,"16":0,"17":0,"18":6,"19":0,"20":0,"21":0,"22":0,"23":0,"24":0,"25":6},"f":{"0":6,"1":6,"2":0,"3":0,"4":0},"b":{"0":[6,0],"1":[0,0],"2":[0,0],"3":[0,0],"4":[0,0],"5":[0,0],"6":[0,0]},"meta":{"lastBranch":7,"lastFunction":5,"lastStatement":26,"seen":{"s:5:28:15:1":0,"s:17:22:27:1":1,"f:29:24:29:38":0,"s:30:27:30:50":2,"s:31:45:31:61":3,"s:32:43:32:58":4,"s:34:21:36:21":5,"f:34:30:34:31":1,"s:35:4:35:52":6,"b:35:11:35:45:35:49:35:51":0,"s:38:30:51:3":7,"f:38:30:38:35":2,"s:39:4:39:28":8,"s:40:4:50:5":9,"s:41:18:41:89":10,"s:42:6:42:67":11,"b:42:15:42:30:42:34:42:65":1,"s:43:6:43:81":12,"b:43:39:43:63:43:67:43:76":2,"b:44:6:44:29:undefined:undefined:undefined:undefined":3,"s:44:6:44:29":13,"s:44:19:44:29":14,"s:46:6:46:78":15,"b:46:18:46:43:46:47:46:76":4,"s:48:6:48:31":16,"s:49:6:49:29":17,"s:53:29:66:3":18,"f:53:29:53:30":3,"b:54:4:54:44:undefined:undefined:undefined:undefined":5,"s:54:4:54:44":19,"s:54:37:54:44":20,"b:55:4:65:5:63:11:65:5":6,"s:55:4:65:5":21,"s:56:6:62:9":22,"f:61:19:61:20":4,"s:61:25:61:64":23,"s:64:6:64:46":24,"s:68:2:77:4":25}}}
,"D:\\TMDT-team\\watch-ecommerce\\frontend\\src\\hooks\\useProductsBulkSelect.js": {"path":"D:\\TMDT-team\\watch-ecommerce\\frontend\\src\\hooks\\useProductsBulkSelect.js","statementMap":{"0":{"start":{"line":10,"column":37},"end":{"line":108,"column":1}},"1":{"start":{"line":11,"column":39},"end":{"line":11,"column":59}},"2":{"start":{"line":14,"column":24},"end":{"line":16,"column":16}},"3":{"start":{"line":15,"column":4},"end":{"line":15,"column":38}},"4":{"start":{"line":15,"column":31},"end":{"line":15,"column":36}},"5":{"start":{"line":19,"column":25},"end":{"line":24,"column":35}},"6":{"start":{"line":20,"column":4},"end":{"line":23,"column":6}},"7":{"start":{"line":22,"column":35},"end":{"line":22,"column":54}},"8":{"start":{"line":27,"column":26},"end":{"line":33,"column":52}},"9":{"start":{"line":28,"column":4},"end":{"line":32,"column":6}},"10":{"start":{"line":36,"column":22},"end":{"line":46,"column":8}},"11":{"start":{"line":37,"column":4},"end":{"line":45,"column":7}},"12":{"start":{"line":38,"column":19},"end":{"line":38,"column":32}},"13":{"start":{"line":39,"column":6},"end":{"line":43,"column":7}},"14":{"start":{"line":40,"column":8},"end":{"line":40,"column":24}},"15":{"start":{"line":42,"column":8},"end":{"line":42,"column":21}},"16":{"start":{"line":44,"column":6},"end":{"line":44,"column":18}},"17":{"start":{"line":49,"column":25},"end":{"line":63,"column":39}},"18":{"start":{"line":50,"column":4},"end":{"line":62,"column":7}},"19":{"start":{"line":51,"column":19},"end":{"line":51,"column":32}},"20":{"start":{"line":53,"column":6},"end":{"line":59,"column":7}},"21":{"start":{"line":55,"column":8},"end":{"line":55,"column":56}},"22":{"start":{"line":55,"column":39},"end":{"line":55,"column":54}},"23":{"start":{"line":58,"column":8},"end":{"line":58,"column":53}},"24":{"start":{"line":58,"column":39},"end":{"line":58,"column":51}},"25":{"start":{"line":61,"column":6},"end":{"line":61,"column":18}},"26":{"start":{"line":66,"column":24},"end":{"line":68,"column":8}},"27":{"start":{"line":67,"column":4},"end":{"line":67,"column":30}},"28":{"start":{"line":71,"column":25},"end":{"line":82,"column":22}},"29":{"start":{"line":72,"column":4},"end":{"line":81,"column":7}},"30":{"start":{"line":73,"column":19},"end":{"line":73,"column":32}},"31":{"start":{"line":75,"column":6},"end":{"line":79,"column":9}},"32":{"start":{"line":76,"column":8},"end":{"line":78,"column":9}},"33":{"start":{"line":77,"column":10},"end":{"line":77,"column":26}},"34":{"start":{"line":80,"column":6},"end":{"line":80,"column":18}},"35":{"start":{"line":85,"column":24},"end":{"line":85,"column":40}},"36":{"start":{"line":86,"column":30},"end":{"line":88,"column":10}},"37":{"start":{"line":87,"column":4},"end":{"line":87,"column":23}},"38":{"start":{"line":90,"column":2},"end":{"line":107,"column":4}},"39":{"start":{"line":105,"column":24},"end":{"line":105,"column":43}},"40":{"start":{"line":106,"column":28},"end":{"line":106,"column":51}}},"fnMap":{"0":{"name":"(anonymous_0)","decl":{"start":{"line":10,"column":37},"end":{"line":10,"column":38}},"loc":{"start":{"line":10,"column":56},"end":{"line":108,"column":1}},"line":10},"1":{"name":"(anonymous_1)","decl":{"start":{"line":14,"column":33},"end":{"line":14,"column":34}},"loc":{"start":{"line":14,"column":39},"end":{"line":16,"column":3}},"line":14},"2":{"name":"(anonymous_2)","decl":{"start":{"line":15,"column":24},"end":{"line":15,"column":25}},"loc":{"start":{"line":15,"column":31},"end":{"line":15,"column":36}},"line":15},"3":{"name":"(anonymous_3)","decl":{"start":{"line":19,"column":34},"end":{"line":19,"column":35}},"loc":{"start":{"line":19,"column":40},"end":{"line":24,"column":3}},"line":19},"4":{"name":"(anonymous_4)","decl":{"start":{"line":22,"column":27},"end":{"line":22,"column":28}},"loc":{"start":{"line":22,"column":35},"end":{"line":22,"column":54}},"line":22},"5":{"name":"(anonymous_5)","decl":{"start":{"line":27,"column":35},"end":{"line":27,"column":36}},"loc":{"start":{"line":27,"column":41},"end":{"line":33,"column":3}},"line":27},"6":{"name":"(anonymous_6)","decl":{"start":{"line":36,"column":35},"end":{"line":36,"column":36}},"loc":{"start":{"line":36,"column":43},"end":{"line":46,"column":3}},"line":36},"7":{"name":"(anonymous_7)","decl":{"start":{"line":37,"column":19},"end":{"line":37,"column":20}},"loc":{"start":{"line":37,"column":29},"end":{"line":45,"column":5}},"line":37},"8":{"name":"(anonymous_8)","decl":{"start":{"line":49,"column":38},"end":{"line":49,"column":39}},"loc":{"start":{"line":49,"column":44},"end":{"line":63,"column":3}},"line":49},"9":{"name":"(anonymous_9)","decl":{"start":{"line":50,"column":19},"end":{"line":50,"column":20}},"loc":{"start":{"line":50,"column":29},"end":{"line":62,"column":5}},"line":50},"10":{"name":"(anonymous_10)","decl":{"start":{"line":55,"column":31},"end":{"line":55,"column":32}},"loc":{"start":{"line":55,"column":39},"end":{"line":55,"column":54}},"line":55},"11":{"name":"(anonymous_11)","decl":{"start":{"line":58,"column":31},"end":{"line":58,"column":32}},"loc":{"start":{"line":58,"column":39},"end":{"line":58,"column":51}},"line":58},"12":{"name":"(anonymous_12)","decl":{"start":{"line":66,"column":37},"end":{"line":66,"column":38}},"loc":{"start":{"line":66,"column":43},"end":{"line":68,"column":3}},"line":66},"13":{"name":"(anonymous_13)","decl":{"start":{"line":71,"column":38},"end":{"line":71,"column":39}},"loc":{"start":{"line":71,"column":44},"end":{"line":82,"column":3}},"line":71},"14":{"name":"(anonymous_14)","decl":{"start":{"line":72,"column":19},"end":{"line":72,"column":20}},"loc":{"start":{"line":72,"column":29},"end":{"line":81,"column":5}},"line":72},"15":{"name":"(anonymous_15)","decl":{"start":{"line":75,"column":19},"end":{"line":75,"column":20}},"loc":{"start":{"line":75,"column":27},"end":{"line":79,"column":7}},"line":75},"16":{"name":"(anonymous_16)","decl":{"start":{"line":86,"column":52},"end":{"line":86,"column":53}},"loc":{"start":{"line":87,"column":4},"end":{"line":87,"column":23}},"line":87},"17":{"name":"(anonymous_17)","decl":{"start":{"line":105,"column":16},"end":{"line":105,"column":17}},"loc":{"start":{"line":105,"column":24},"end":{"line":105,"column":43}},"line":105},"18":{"name":"(anonymous_18)","decl":{"start":{"line":106,"column":22},"end":{"line":106,"column":23}},"loc":{"start":{"line":106,"column":28},"end":{"line":106,"column":51}},"line":106}},"branchMap":{"0":{"loc":{"start":{"line":10,"column":38},"end":{"line":10,"column":51}},"type":"default-arg","locations":[{"start":{"line":10,"column":49},"end":{"line":10,"column":51}}],"line":10},"1":{"loc":{"start":{"line":21,"column":6},"end":{"line":22,"column":55}},"type":"binary-expr","locations":[{"start":{"line":21,"column":6},"end":{"line":21,"column":31}},{"start":{"line":22,"column":6},"end":{"line":22,"column":55}}],"line":21},"2":{"loc":{"start":{"line":29,"column":6},"end":{"line":31,"column":22}},"type":"binary-expr","locations":[{"start":{"line":29,"column":6},"end":{"line":29,"column":31}},{"start":{"line":30,"column":6},"end":{"line":30,"column":54}},{"start":{"line":31,"column":6},"end":{"line":31,"column":22}}],"line":29},"3":{"loc":{"start":{"line":39,"column":6},"end":{"line":43,"column":7}},"type":"if","locations":[{"start":{"line":39,"column":6},"end":{"line":43,"column":7}},{"start":{"line":41,"column":13},"end":{"line":43,"column":7}}],"line":39},"4":{"loc":{"start":{"line":53,"column":6},"end":{"line":59,"column":7}},"type":"if","locations":[{"start":{"line":53,"column":6},"end":{"line":59,"column":7}},{"start":{"line":56,"column":13},"end":{"line":59,"column":7}}],"line":53},"5":{"loc":{"start":{"line":76,"column":8},"end":{"line":78,"column":9}},"type":"if","locations":[{"start":{"line":76,"column":8},"end":{"line":78,"column":9}},{"start":{},"end":{}}],"line":76}},"s":{"0":1,"1":18,"2":18,"3":10,"4":27,"5":18,"6":18,"7":27,"8":18,"9":18,"10":18,"11":7,"12":7,"13":7,"14":0,"15":7,"16":7,"17":18,"18":3,"19":3,"20":3,"21":0,"22":0,"23":3,"24":9,"25":3,"26":18,"27":1,"28":18,"29":1,"30":1,"31":1,"32":3,"33":2,"34":1,"35":18,"36":18,"37":48,"38":18,"39":3,"40":1},"f":{"0":18,"1":10,"2":27,"3":18,"4":27,"5":18,"6":7,"7":7,"8":3,"9":3,"10":0,"11":9,"12":1,"13":1,"14":1,"15":3,"16":48,"17":3,"18":1},"b":{"0":[18],"1":[18,18],"2":[18,18,7],"3":[0,7],"4":[0,3],"5":[2,1]},"meta":{"lastBranch":6,"lastFunction":19,"lastStatement":41,"seen":{"s:10:37:108:1":0,"f:10:37:10:38":0,"b:10:49:10:51":0,"s:11:39:11:59":1,"s:14:24:16:16":2,"f:14:33:14:34":1,"s:15:4:15:38":3,"f:15:24:15:25":2,"s:15:31:15:36":4,"s:19:25:24:35":5,"f:19:34:19:35":3,"s:20:4:23:6":6,"b:21:6:21:31:22:6:22:55":1,"f:22:27:22:28":4,"s:22:35:22:54":7,"s:27:26:33:52":8,"f:27:35:27:36":5,"s:28:4:32:6":9,"b:29:6:29:31:30:6:30:54:31:6:31:22":2,"s:36:22:46:8":10,"f:36:35:36:36":6,"s:37:4:45:7":11,"f:37:19:37:20":7,"s:38:19:38:32":12,"b:39:6:43:7:41:13:43:7":3,"s:39:6:43:7":13,"s:40:8:40:24":14,"s:42:8:42:21":15,"s:44:6:44:18":16,"s:49:25:63:39":17,"f:49:38:49:39":8,"s:50:4:62:7":18,"f:50:19:50:20":9,"s:51:19:51:32":19,"b:53:6:59:7:56:13:59:7":4,"s:53:6:59:7":20,"s:55:8:55:56":21,"f:55:31:55:32":10,"s:55:39:55:54":22,"s:58:8:58:53":23,"f:58:31:58:32":11,"s:58:39:58:51":24,"s:61:6:61:18":25,"s:66:24:68:8":26,"f:66:37:66:38":12,"s:67:4:67:30":27,"s:71:25:82:22":28,"f:71:38:71:39":13,"s:72:4:81:7":29,"f:72:19:72:20":14,"s:73:19:73:32":30,"s:75:6:79:9":31,"f:75:19:75:20":15,"b:76:8:78:9:undefined:undefined:undefined:undefined":5,"s:76:8:78:9":32,"s:77:10:77:26":33,"s:80:6:80:18":34,"s:85:24:85:40":35,"s:86:30:88:10":36,"f:86:52:86:53":16,"s:87:4:87:23":37,"s:90:2:107:4":38,"f:105:16:105:17":17,"s:105:24:105:43":39,"f:106:22:106:23":18,"s:106:28:106:51":40}}}
,"D:\\TMDT-team\\watch-ecommerce\\frontend\\src\\hooks\\useProductsList.js": {"path":"D:\\TMDT-team\\watch-ecommerce\\frontend\\src\\hooks\\useProductsList.js","statementMap":{"0":{"start":{"line":13,"column":31},"end":{"line":190,"column":1}},"1":{"start":{"line":23,"column":5},"end":{"line":23,"column":23}},"2":{"start":{"line":25,"column":25},"end":{"line":25,"column":43}},"3":{"start":{"line":30,"column":23},"end":{"line":49,"column":3}},"4":{"start":{"line":32,"column":71},"end":{"line":32,"column":77}},"5":{"start":{"line":34,"column":6},"end":{"line":46,"column":7}},"6":{"start":{"line":35,"column":8},"end":{"line":40,"column":11}},"7":{"start":{"line":42,"column":8},"end":{"line":45,"column":11}},"8":{"start":{"line":54,"column":29},"end":{"line":69,"column":3}},"9":{"start":{"line":56,"column":6},"end":{"line":66,"column":7}},"10":{"start":{"line":57,"column":8},"end":{"line":57,"column":39}},"11":{"start":{"line":58,"column":8},"end":{"line":58,"column":49}},"12":{"start":{"line":59,"column":8},"end":{"line":59,"column":20}},"13":{"start":{"line":61,"column":8},"end":{"line":64,"column":11}},"14":{"start":{"line":65,"column":8},"end":{"line":65,"column":21}},"15":{"start":{"line":74,"column":26},"end":{"line":112,"column":3}},"16":{"start":{"line":76,"column":6},"end":{"line":79,"column":7}},"17":{"start":{"line":77,"column":8},"end":{"line":77,"column":49}},"18":{"start":{"line":78,"column":8},"end":{"line":78,"column":21}},"19":{"start":{"line":81,"column":6},"end":{"line":109,"column":7}},"20":{"start":{"line":82,"column":27},"end":{"line":82,"column":28}},"21":{"start":{"line":83,"column":25},"end":{"line":83,"column":26}},"22":{"start":{"line":85,"column":8},"end":{"line":93,"column":9}},"23":{"start":{"line":86,"column":10},"end":{"line":92,"column":11}},"24":{"start":{"line":87,"column":12},"end":{"line":87,"column":36}},"25":{"start":{"line":88,"column":12},"end":{"line":88,"column":27}},"26":{"start":{"line":90,"column":12},"end":{"line":90,"column":25}},"27":{"start":{"line":91,"column":12},"end":{"line":91,"column":68}},"28":{"start":{"line":95,"column":8},"end":{"line":97,"column":9}},"29":{"start":{"line":96,"column":10},"end":{"line":96,"column":67}},"30":{"start":{"line":98,"column":8},"end":{"line":100,"column":9}},"31":{"start":{"line":99,"column":10},"end":{"line":99,"column":60}},"32":{"start":{"line":102,"column":8},"end":{"line":102,"column":32}},"33":{"start":{"line":104,"column":8},"end":{"line":107,"column":11}},"34":{"start":{"line":108,"column":8},"end":{"line":108,"column":21}},"35":{"start":{"line":117,"column":30},"end":{"line":133,"column":3}},"36":{"start":{"line":119,"column":6},"end":{"line":130,"column":7}},"37":{"start":{"line":120,"column":8},"end":{"line":120,"column":65}},"38":{"start":{"line":121,"column":23},"end":{"line":121,"column":71}},"39":{"start":{"line":122,"column":8},"end":{"line":122,"column":55}},"40":{"start":{"line":123,"column":8},"end":{"line":123,"column":20}},"41":{"start":{"line":125,"column":8},"end":{"line":128,"column":11}},"42":{"start":{"line":129,"column":8},"end":{"line":129,"column":21}},"43":{"start":{"line":138,"column":34},"end":{"line":173,"column":3}},"44":{"start":{"line":140,"column":6},"end":{"line":143,"column":7}},"45":{"start":{"line":141,"column":8},"end":{"line":141,"column":42}},"46":{"start":{"line":142,"column":8},"end":{"line":142,"column":21}},"47":{"start":{"line":145,"column":6},"end":{"line":170,"column":7}},"48":{"start":{"line":146,"column":27},"end":{"line":146,"column":28}},"49":{"start":{"line":148,"column":8},"end":{"line":155,"column":9}},"50":{"start":{"line":149,"column":10},"end":{"line":154,"column":11}},"51":{"start":{"line":150,"column":12},"end":{"line":150,"column":59}},"52":{"start":{"line":151,"column":12},"end":{"line":151,"column":27}},"53":{"start":{"line":153,"column":12},"end":{"line":153,"column":73}},"54":{"start":{"line":157,"column":8},"end":{"line":161,"column":9}},"55":{"start":{"line":158,"column":25},"end":{"line":158,"column":62}},"56":{"start":{"line":159,"column":10},"end":{"line":159,"column":73}},"57":{"start":{"line":160,"column":10},"end":{"line":160,"column":22}},"58":{"start":{"line":163,"column":8},"end":{"line":163,"column":21}},"59":{"start":{"line":165,"column":8},"end":{"line":168,"column":11}},"60":{"start":{"line":169,"column":8},"end":{"line":169,"column":21}},"61":{"start":{"line":175,"column":2},"end":{"line":189,"column":4}}},"fnMap":{"0":{"name":"(anonymous_0)","decl":{"start":{"line":13,"column":31},"end":{"line":13,"column":32}},"loc":{"start":{"line":13,"column":37},"end":{"line":190,"column":1}},"line":13},"1":{"name":"(anonymous_1)","decl":{"start":{"line":31,"column":4},"end":{"line":31,"column":9}},"loc":{"start":{"line":31,"column":27},"end":{"line":47,"column":5}},"line":31},"2":{"name":"(anonymous_2)","decl":{"start":{"line":55,"column":4},"end":{"line":55,"column":9}},"loc":{"start":{"line":55,"column":25},"end":{"line":67,"column":5}},"line":55},"3":{"name":"(anonymous_3)","decl":{"start":{"line":75,"column":4},"end":{"line":75,"column":9}},"loc":{"start":{"line":75,"column":26},"end":{"line":110,"column":5}},"line":75},"4":{"name":"(anonymous_4)","decl":{"start":{"line":118,"column":4},"end":{"line":118,"column":9}},"loc":{"start":{"line":118,"column":42},"end":{"line":131,"column":5}},"line":118},"5":{"name":"(anonymous_5)","decl":{"start":{"line":139,"column":4},"end":{"line":139,"column":9}},"loc":{"start":{"line":139,"column":41},"end":{"line":171,"column":5}},"line":139}},"branchMap":{"0":{"loc":{"start":{"line":31,"column":11},"end":{"line":31,"column":22}},"type":"default-arg","locations":[{"start":{"line":31,"column":20},"end":{"line":31,"column":22}}],"line":31},"1":{"loc":{"start":{"line":32,"column":14},"end":{"line":32,"column":22}},"type":"default-arg","locations":[{"start":{"line":32,"column":21},"end":{"line":32,"column":22}}],"line":32},"2":{"loc":{"start":{"line":32,"column":24},"end":{"line":32,"column":34}},"type":"default-arg","locations":[{"start":{"line":32,"column":32},"end":{"line":32,"column":34}}],"line":32},"3":{"loc":{"start":{"line":32,"column":36},"end":{"line":32,"column":47}},"type":"default-arg","locations":[{"start":{"line":32,"column":45},"end":{"line":32,"column":47}}],"line":32},"4":{"loc":{"start":{"line":32,"column":49},"end":{"line":32,"column":66}},"type":"default-arg","locations":[{"start":{"line":32,"column":56},"end":{"line":32,"column":66}}],"line":32},"5":{"loc":{"start":{"line":76,"column":6},"end":{"line":79,"column":7}},"type":"if","locations":[{"start":{"line":76,"column":6},"end":{"line":79,"column":7}},{"start":{},"end":{}}],"line":76},"6":{"loc":{"start":{"line":76,"column":10},"end":{"line":76,"column":48}},"type":"binary-expr","locations":[{"start":{"line":76,"column":10},"end":{"line":76,"column":21}},{"start":{"line":76,"column":25},"end":{"line":76,"column":48}}],"line":76},"7":{"loc":{"start":{"line":95,"column":8},"end":{"line":97,"column":9}},"type":"if","locations":[{"start":{"line":95,"column":8},"end":{"line":97,"column":9}},{"start":{},"end":{}}],"line":95},"8":{"loc":{"start":{"line":98,"column":8},"end":{"line":100,"column":9}},"type":"if","locations":[{"start":{"line":98,"column":8},"end":{"line":100,"column":9}},{"start":{},"end":{}}],"line":98},"9":{"loc":{"start":{"line":121,"column":23},"end":{"line":121,"column":71}},"type":"cond-expr","locations":[{"start":{"line":121,"column":42},"end":{"line":121,"column":52}},{"start":{"line":121,"column":55},"end":{"line":121,"column":71}}],"line":121},"10":{"loc":{"start":{"line":140,"column":6},"end":{"line":143,"column":7}},"type":"if","locations":[{"start":{"line":140,"column":6},"end":{"line":143,"column":7}},{"start":{},"end":{}}],"line":140},"11":{"loc":{"start":{"line":140,"column":10},"end":{"line":140,"column":48}},"type":"binary-expr","locations":[{"start":{"line":140,"column":10},"end":{"line":140,"column":21}},{"start":{"line":140,"column":25},"end":{"line":140,"column":48}}],"line":140},"12":{"loc":{"start":{"line":157,"column":8},"end":{"line":161,"column":9}},"type":"if","locations":[{"start":{"line":157,"column":8},"end":{"line":161,"column":9}},{"start":{},"end":{}}],"line":157},"13":{"loc":{"start":{"line":158,"column":25},"end":{"line":158,"column":62}},"type":"cond-expr","locations":[{"start":{"line":158,"column":41},"end":{"line":158,"column":51}},{"start":{"line":158,"column":54},"end":{"line":158,"column":62}}],"line":158},"14":{"loc":{"start":{"line":177,"column":14},"end":{"line":177,"column":28}},"type":"binary-expr","locations":[{"start":{"line":177,"column":14},"end":{"line":177,"column":22}},{"start":{"line":177,"column":26},"end":{"line":177,"column":28}}],"line":177},"15":{"loc":{"start":{"line":179,"column":16},"end":{"line":179,"column":31}},"type":"binary-expr","locations":[{"start":{"line":179,"column":16},"end":{"line":179,"column":26}},{"start":{"line":179,"column":30},"end":{"line":179,"column":31}}],"line":179},"16":{"loc":{"start":{"line":180,"column":17},"end":{"line":180,"column":33}},"type":"binary-expr","locations":[{"start":{"line":180,"column":17},"end":{"line":180,"column":28}},{"start":{"line":180,"column":32},"end":{"line":180,"column":33}}],"line":180},"17":{"loc":{"start":{"line":181,"column":16},"end":{"line":181,"column":31}},"type":"binary-expr","locations":[{"start":{"line":181,"column":16},"end":{"line":181,"column":26}},{"start":{"line":181,"column":30},"end":{"line":181,"column":31}}],"line":181}},"s":{"0":1,"1":2,"2":2,"3":2,"4":1,"5":1,"6":1,"7":0,"8":2,"9":0,"10":0,"11":0,"12":0,"13":0,"14":0,"15":2,"16":0,"17":0,"18":0,"19":0,"20":0,"21":0,"22":0,"23":0,"24":0,"25":0,"26":0,"27":0,"28":0,"29":0,"30":0,"31":0,"32":0,"33":0,"34":0,"35":2,"36":0,"37":0,"38":0,"39":0,"40":0,"41":0,"42":0,"43":2,"44":0,"45":0,"46":0,"47":0,"48":0,"49":0,"50":0,"51":0,"52":0,"53":0,"54":0,"55":0,"56":0,"57":0,"58":0,"59":0,"60":0,"61":2},"f":{"0":2,"1":1,"2":0,"3":0,"4":0,"5":0},"b":{"0":[1],"1":[1],"2":[1],"3":[1],"4":[1],"5":[0,0],"6":[0,0],"7":[0,0],"8":[0,0],"9":[0,0],"10":[0,0],"11":[0,0],"12":[0,0],"13":[0,0],"14":[2,0],"15":[2,0],"16":[2,0],"17":[2,2]},"meta":{"lastBranch":18,"lastFunction":6,"lastStatement":62,"seen":{"s:13:31:190:1":0,"f:13:31:13:32":0,"s:23:5:23:23":1,"s:25:25:25:43":2,"s:30:23:49:3":3,"f:31:4:31:9":1,"b:31:20:31:22":0,"s:32:71:32:77":4,"b:32:21:32:22":1,"b:32:32:32:34":2,"b:32:45:32:47":3,"b:32:56:32:66":4,"s:34:6:46:7":5,"s:35:8:40:11":6,"s:42:8:45:11":7,"s:54:29:69:3":8,"f:55:4:55:9":2,"s:56:6:66:7":9,"s:57:8:57:39":10,"s:58:8:58:49":11,"s:59:8:59:20":12,"s:61:8:64:11":13,"s:65:8:65:21":14,"s:74:26:112:3":15,"f:75:4:75:9":3,"b:76:6:79:7:undefined:undefined:undefined:undefined":5,"s:76:6:79:7":16,"b:76:10:76:21:76:25:76:48":6,"s:77:8:77:49":17,"s:78:8:78:21":18,"s:81:6:109:7":19,"s:82:27:82:28":20,"s:83:25:83:26":21,"s:85:8:93:9":22,"s:86:10:92:11":23,"s:87:12:87:36":24,"s:88:12:88:27":25,"s:90:12:90:25":26,"s:91:12:91:68":27,"b:95:8:97:9:undefined:undefined:undefined:undefined":7,"s:95:8:97:9":28,"s:96:10:96:67":29,"b:98:8:100:9:undefined:undefined:undefined:undefined":8,"s:98:8:100:9":30,"s:99:10:99:60":31,"s:102:8:102:32":32,"s:104:8:107:11":33,"s:108:8:108:21":34,"s:117:30:133:3":35,"f:118:4:118:9":4,"s:119:6:130:7":36,"s:120:8:120:65":37,"s:121:23:121:71":38,"b:121:42:121:52:121:55:121:71":9,"s:122:8:122:55":39,"s:123:8:123:20":40,"s:125:8:128:11":41,"s:129:8:129:21":42,"s:138:34:173:3":43,"f:139:4:139:9":5,"b:140:6:143:7:undefined:undefined:undefined:undefined":10,"s:140:6:143:7":44,"b:140:10:140:21:140:25:140:48":11,"s:141:8:141:42":45,"s:142:8:142:21":46,"s:145:6:170:7":47,"s:146:27:146:28":48,"s:148:8:155:9":49,"s:149:10:154:11":50,"s:150:12:150:59":51,"s:151:12:151:27":52,"s:153:12:153:73":53,"b:157:8:161:9:undefined:undefined:undefined:undefined":12,"s:157:8:161:9":54,"s:158:25:158:62":55,"b:158:41:158:51:158:54:158:62":13,"s:159:10:159:73":56,"s:160:10:160:22":57,"s:163:8:163:21":58,"s:165:8:168:11":59,"s:169:8:169:21":60,"s:175:2:189:4":61,"b:177:14:177:22:177:26:177:28":14,"b:179:16:179:26:179:30:179:31":15,"b:180:17:180:28:180:32:180:33":16,"b:181:16:181:26:181:30:181:31":17}}}
,"D:\\TMDT-team\\watch-ecommerce\\frontend\\src\\hooks\\useProductsSearch.js": {"path":"D:\\TMDT-team\\watch-ecommerce\\frontend\\src\\hooks\\useProductsSearch.js","statementMap":{"0":{"start":{"line":11,"column":33},"end":{"line":86,"column":1}},"1":{"start":{"line":12,"column":41},"end":{"line":12,"column":59}},"2":{"start":{"line":15,"column":18},"end":{"line":15,"column":57}},"3":{"start":{"line":16,"column":20},"end":{"line":16,"column":52}},"4":{"start":{"line":17,"column":18},"end":{"line":17,"column":56}},"5":{"start":{"line":19,"column":29},"end":{"line":19,"column":49}},"6":{"start":{"line":20,"column":47},"end":{"line":20,"column":67}},"7":{"start":{"line":21,"column":39},"end":{"line":21,"column":57}},"8":{"start":{"line":22,"column":29},"end":{"line":22,"column":47}},"9":{"start":{"line":25,"column":1},"end":{"line":30,"column":15}},"10":{"start":{"line":26,"column":20},"end":{"line":28,"column":11}},"11":{"start":{"line":27,"column":6},"end":{"line":27,"column":33}},"12":{"start":{"line":29,"column":4},"end":{"line":29,"column":39}},"13":{"start":{"line":29,"column":17},"end":{"line":29,"column":38}},"14":{"start":{"line":33,"column":1},"end":{"line":55,"column":62}},"15":{"start":{"line":34,"column":19},"end":{"line":34,"column":40}},"16":{"start":{"line":36,"column":4},"end":{"line":40,"column":5}},"17":{"start":{"line":37,"column":6},"end":{"line":37,"column":38}},"18":{"start":{"line":39,"column":6},"end":{"line":39,"column":28}},"19":{"start":{"line":42,"column":4},"end":{"line":46,"column":5}},"20":{"start":{"line":43,"column":6},"end":{"line":43,"column":44}},"21":{"start":{"line":45,"column":6},"end":{"line":45,"column":30}},"22":{"start":{"line":48,"column":4},"end":{"line":52,"column":5}},"23":{"start":{"line":49,"column":6},"end":{"line":49,"column":33}},"24":{"start":{"line":51,"column":6},"end":{"line":51,"column":28}},"25":{"start":{"line":54,"column":4},"end":{"line":54,"column":47}},"26":{"start":{"line":57,"column":22},"end":{"line":62,"column":3}},"27":{"start":{"line":58,"column":4},"end":{"line":58,"column":18}},"28":{"start":{"line":59,"column":4},"end":{"line":59,"column":27}},"29":{"start":{"line":60,"column":4},"end":{"line":60,"column":22}},"30":{"start":{"line":61,"column":4},"end":{"line":61,"column":26}},"31":{"start":{"line":64,"column":19},"end":{"line":66,"column":3}},"32":{"start":{"line":65,"column":4},"end":{"line":65,"column":38}},"33":{"start":{"line":68,"column":2},"end":{"line":85,"column":4}},"34":{"start":{"line":83,"column":20},"end":{"line":83,"column":48}},"35":{"start":{"line":83,"column":42},"end":{"line":83,"column":47}},"36":{"start":{"line":84,"column":20},"end":{"line":84,"column":61}},"37":{"start":{"line":84,"column":42},"end":{"line":84,"column":60}}},"fnMap":{"0":{"name":"(anonymous_0)","decl":{"start":{"line":11,"column":33},"end":{"line":11,"column":34}},"loc":{"start":{"line":11,"column":39},"end":{"line":86,"column":1}},"line":11},"1":{"name":"(anonymous_1)","decl":{"start":{"line":25,"column":12},"end":{"line":25,"column":13}},"loc":{"start":{"line":25,"column":18},"end":{"line":30,"column":3}},"line":25},"2":{"name":"(anonymous_2)","decl":{"start":{"line":26,"column":31},"end":{"line":26,"column":32}},"loc":{"start":{"line":26,"column":37},"end":{"line":28,"column":5}},"line":26},"3":{"name":"(anonymous_3)","decl":{"start":{"line":29,"column":11},"end":{"line":29,"column":12}},"loc":{"start":{"line":29,"column":17},"end":{"line":29,"column":38}},"line":29},"4":{"name":"(anonymous_4)","decl":{"start":{"line":33,"column":12},"end":{"line":33,"column":13}},"loc":{"start":{"line":33,"column":18},"end":{"line":55,"column":3}},"line":33},"5":{"name":"(anonymous_5)","decl":{"start":{"line":57,"column":22},"end":{"line":57,"column":23}},"loc":{"start":{"line":57,"column":28},"end":{"line":62,"column":3}},"line":57},"6":{"name":"(anonymous_6)","decl":{"start":{"line":64,"column":19},"end":{"line":64,"column":20}},"loc":{"start":{"line":64,"column":29},"end":{"line":66,"column":3}},"line":64},"7":{"name":"(anonymous_7)","decl":{"start":{"line":83,"column":14},"end":{"line":83,"column":15}},"loc":{"start":{"line":83,"column":20},"end":{"line":83,"column":48}},"line":83},"8":{"name":"(anonymous_8)","decl":{"start":{"line":83,"column":35},"end":{"line":83,"column":36}},"loc":{"start":{"line":83,"column":42},"end":{"line":83,"column":47}},"line":83},"9":{"name":"(anonymous_9)","decl":{"start":{"line":84,"column":14},"end":{"line":84,"column":15}},"loc":{"start":{"line":84,"column":20},"end":{"line":84,"column":61}},"line":84},"10":{"name":"(anonymous_10)","decl":{"start":{"line":84,"column":35},"end":{"line":84,"column":36}},"loc":{"start":{"line":84,"column":42},"end":{"line":84,"column":60}},"line":84}},"branchMap":{"0":{"loc":{"start":{"line":15,"column":18},"end":{"line":15,"column":57}},"type":"binary-expr","locations":[{"start":{"line":15,"column":18},"end":{"line":15,"column":52}},{"start":{"line":15,"column":56},"end":{"line":15,"column":57}}],"line":15},"1":{"loc":{"start":{"line":16,"column":20},"end":{"line":16,"column":52}},"type":"binary-expr","locations":[{"start":{"line":16,"column":20},"end":{"line":16,"column":46}},{"start":{"line":16,"column":50},"end":{"line":16,"column":52}}],"line":16},"2":{"loc":{"start":{"line":17,"column":18},"end":{"line":17,"column":56}},"type":"binary-expr","locations":[{"start":{"line":17,"column":18},"end":{"line":17,"column":42}},{"start":{"line":17,"column":46},"end":{"line":17,"column":56}}],"line":17},"3":{"loc":{"start":{"line":36,"column":4},"end":{"line":40,"column":5}},"type":"if","locations":[{"start":{"line":36,"column":4},"end":{"line":40,"column":5}},{"start":{"line":38,"column":11},"end":{"line":40,"column":5}}],"line":36},"4":{"loc":{"start":{"line":42,"column":4},"end":{"line":46,"column":5}},"type":"if","locations":[{"start":{"line":42,"column":4},"end":{"line":46,"column":5}},{"start":{"line":44,"column":11},"end":{"line":46,"column":5}}],"line":42},"5":{"loc":{"start":{"line":48,"column":4},"end":{"line":52,"column":5}},"type":"if","locations":[{"start":{"line":48,"column":4},"end":{"line":52,"column":5}},{"start":{"line":50,"column":11},"end":{"line":52,"column":5}}],"line":48}},"s":{"0":1,"1":21,"2":21,"3":21,"4":21,"5":21,"6":21,"7":21,"8":21,"9":21,"10":6,"11":0,"12":6,"13":6,"14":21,"15":11,"16":11,"17":2,"18":9,"19":11,"20":0,"21":11,"22":11,"23":2,"24":9,"25":11,"26":21,"27":1,"28":1,"29":1,"30":1,"31":21,"32":0,"33":21,"34":1,"35":1,"36":1,"37":1},"f":{"0":21,"1":6,"2":0,"3":6,"4":11,"5":1,"6":0,"7":1,"8":1,"9":1,"10":1},"b":{"0":[21,18],"1":[21,21],"2":[21,19],"3":[2,9],"4":[0,11],"5":[2,9]},"meta":{"lastBranch":6,"lastFunction":11,"lastStatement":38,"seen":{"s:11:33:86:1":0,"f:11:33:11:34":0,"s:12:41:12:59":1,"s:15:18:15:57":2,"b:15:18:15:52:15:56:15:57":0,"s:16:20:16:52":3,"b:16:20:16:46:16:50:16:52":1,"s:17:18:17:56":4,"b:17:18:17:42:17:46:17:56":2,"s:19:29:19:49":5,"s:20:47:20:67":6,"s:21:39:21:57":7,"s:22:29:22:47":8,"s:25:1:30:15":9,"f:25:12:25:13":1,"s:26:20:28:11":10,"f:26:31:26:32":2,"s:27:6:27:33":11,"s:29:4:29:39":12,"f:29:11:29:12":3,"s:29:17:29:38":13,"s:33:1:55:62":14,"f:33:12:33:13":4,"s:34:19:34:40":15,"b:36:4:40:5:38:11:40:5":3,"s:36:4:40:5":16,"s:37:6:37:38":17,"s:39:6:39:28":18,"b:42:4:46:5:44:11:46:5":4,"s:42:4:46:5":19,"s:43:6:43:44":20,"s:45:6:45:30":21,"b:48:4:52:5:50:11:52:5":5,"s:48:4:52:5":22,"s:49:6:49:33":23,"s:51:6:51:28":24,"s:54:4:54:47":25,"s:57:22:62:3":26,"f:57:22:57:23":5,"s:58:4:58:18":27,"s:59:4:59:27":28,"s:60:4:60:22":29,"s:61:4:61:26":30,"s:64:19:66:3":31,"f:64:19:64:20":6,"s:65:4:65:38":32,"s:68:2:85:4":33,"f:83:14:83:15":7,"s:83:20:83:48":34,"f:83:35:83:36":8,"s:83:42:83:47":35,"f:84:14:84:15":9,"s:84:20:84:61":36,"f:84:35:84:36":10,"s:84:42:84:60":37}}}
,"D:\\TMDT-team\\watch-ecommerce\\frontend\\src\\hooks\\useUsersData.js": {"path":"D:\\TMDT-team\\watch-ecommerce\\frontend\\src\\hooks\\useUsersData.js","statementMap":{"0":{"start":{"line":13,"column":28},"end":{"line":168,"column":1}},"1":{"start":{"line":14,"column":27},"end":{"line":14,"column":40}},"2":{"start":{"line":15,"column":31},"end":{"line":15,"column":46}},"3":{"start":{"line":16,"column":37},"end":{"line":21,"column":4}},"4":{"start":{"line":22,"column":29},"end":{"line":22,"column":42}},"5":{"start":{"line":23,"column":37},"end":{"line":23,"column":50}},"6":{"start":{"line":26,"column":19},"end":{"line":26,"column":34}},"7":{"start":{"line":27,"column":23},"end":{"line":31,"column":4}},"8":{"start":{"line":33,"column":25},"end":{"line":33,"column":43}},"9":{"start":{"line":36,"column":1},"end":{"line":38,"column":15}},"10":{"start":{"line":37,"column":4},"end":{"line":37,"column":31}},"11":{"start":{"line":44,"column":20},"end":{"line":104,"column":3}},"12":{"start":{"line":46,"column":18},"end":{"line":46,"column":46}},"13":{"start":{"line":47,"column":18},"end":{"line":47,"column":28}},"14":{"start":{"line":48,"column":25},"end":{"line":48,"column":46}},"15":{"start":{"line":51,"column":6},"end":{"line":53,"column":7}},"16":{"start":{"line":52,"column":8},"end":{"line":52,"column":34}},"17":{"start":{"line":56,"column":6},"end":{"line":58,"column":7}},"18":{"start":{"line":57,"column":8},"end":{"line":57,"column":15}},"19":{"start":{"line":60,"column":6},"end":{"line":60,"column":23}},"20":{"start":{"line":61,"column":6},"end":{"line":61,"column":31}},"21":{"start":{"line":63,"column":6},"end":{"line":99,"column":11}},"22":{"start":{"line":64,"column":8},"end":{"line":98,"column":9}},"23":{"start":{"line":65,"column":22},"end":{"line":72,"column":12}},"24":{"start":{"line":74,"column":10},"end":{"line":74,"column":73}},"25":{"start":{"line":75,"column":10},"end":{"line":80,"column":13}},"26":{"start":{"line":82,"column":10},"end":{"line":86,"column":13}},"27":{"start":{"line":87,"column":10},"end":{"line":87,"column":23}},"28":{"start":{"line":88,"column":10},"end":{"line":93,"column":13}},"29":{"start":{"line":95,"column":10},"end":{"line":95,"column":46}},"30":{"start":{"line":96,"column":10},"end":{"line":96,"column":36}},"31":{"start":{"line":97,"column":10},"end":{"line":97,"column":28}},"32":{"start":{"line":101,"column":6},"end":{"line":101,"column":32}},"33":{"start":{"line":109,"column":26},"end":{"line":127,"column":3}},"34":{"start":{"line":111,"column":6},"end":{"line":124,"column":7}},"35":{"start":{"line":112,"column":8},"end":{"line":112,"column":52}},"36":{"start":{"line":113,"column":8},"end":{"line":113,"column":54}},"37":{"start":{"line":115,"column":8},"end":{"line":115,"column":80}},"38":{"start":{"line":116,"column":8},"end":{"line":116,"column":20}},"39":{"start":{"line":118,"column":8},"end":{"line":122,"column":11}},"40":{"start":{"line":123,"column":8},"end":{"line":123,"column":21}},"41":{"start":{"line":132,"column":26},"end":{"line":150,"column":3}},"42":{"start":{"line":134,"column":6},"end":{"line":147,"column":7}},"43":{"start":{"line":135,"column":8},"end":{"line":135,"column":75}},"44":{"start":{"line":136,"column":8},"end":{"line":136,"column":69}},"45":{"start":{"line":138,"column":8},"end":{"line":138,"column":80}},"46":{"start":{"line":139,"column":8},"end":{"line":139,"column":20}},"47":{"start":{"line":141,"column":8},"end":{"line":145,"column":11}},"48":{"start":{"line":146,"column":8},"end":{"line":146,"column":21}},"49":{"start":{"line":152,"column":2},"end":{"line":167,"column":4}}},"fnMap":{"0":{"name":"(anonymous_0)","decl":{"start":{"line":13,"column":28},"end":{"line":13,"column":29}},"loc":{"start":{"line":13,"column":34},"end":{"line":168,"column":1}},"line":13},"1":{"name":"(anonymous_1)","decl":{"start":{"line":36,"column":12},"end":{"line":36,"column":13}},"loc":{"start":{"line":36,"column":18},"end":{"line":38,"column":3}},"line":36},"2":{"name":"(anonymous_2)","decl":{"start":{"line":45,"column":4},"end":{"line":45,"column":9}},"loc":{"start":{"line":45,"column":35},"end":{"line":102,"column":5}},"line":45},"3":{"name":"(anonymous_3)","decl":{"start":{"line":63,"column":28},"end":{"line":63,"column":33}},"loc":{"start":{"line":63,"column":40},"end":{"line":99,"column":7}},"line":63},"4":{"name":"(anonymous_4)","decl":{"start":{"line":110,"column":4},"end":{"line":110,"column":9}},"loc":{"start":{"line":110,"column":32},"end":{"line":125,"column":5}},"line":110},"5":{"name":"(anonymous_5)","decl":{"start":{"line":133,"column":4},"end":{"line":133,"column":9}},"loc":{"start":{"line":133,"column":41},"end":{"line":148,"column":5}},"line":133}},"branchMap":{"0":{"loc":{"start":{"line":51,"column":6},"end":{"line":53,"column":7}},"type":"if","locations":[{"start":{"line":51,"column":6},"end":{"line":53,"column":7}},{"start":{},"end":{}}],"line":51},"1":{"loc":{"start":{"line":51,"column":10},"end":{"line":51,"column":58}},"type":"binary-expr","locations":[{"start":{"line":51,"column":10},"end":{"line":51,"column":28}},{"start":{"line":51,"column":32},"end":{"line":51,"column":58}}],"line":51},"2":{"loc":{"start":{"line":56,"column":6},"end":{"line":58,"column":7}},"type":"if","locations":[{"start":{"line":56,"column":6},"end":{"line":58,"column":7}},{"start":{},"end":{}}],"line":56},"3":{"loc":{"start":{"line":56,"column":10},"end":{"line":56,"column":75}},"type":"binary-expr","locations":[{"start":{"line":56,"column":10},"end":{"line":56,"column":36}},{"start":{"line":56,"column":40},"end":{"line":56,"column":75}}],"line":56},"4":{"loc":{"start":{"line":74,"column":19},"end":{"line":74,"column":71}},"type":"cond-expr","locations":[{"start":{"line":74,"column":52},"end":{"line":74,"column":66}},{"start":{"line":74,"column":69},"end":{"line":74,"column":71}}],"line":74},"5":{"loc":{"start":{"line":76,"column":25},"end":{"line":76,"column":63}},"type":"binary-expr","locations":[{"start":{"line":76,"column":25},"end":{"line":76,"column":58}},{"start":{"line":76,"column":62},"end":{"line":76,"column":63}}],"line":76},"6":{"loc":{"start":{"line":77,"column":24},"end":{"line":77,"column":61}},"type":"binary-expr","locations":[{"start":{"line":77,"column":24},"end":{"line":77,"column":56}},{"start":{"line":77,"column":60},"end":{"line":77,"column":61}}],"line":77},"7":{"loc":{"start":{"line":78,"column":24},"end":{"line":78,"column":61}},"type":"binary-expr","locations":[{"start":{"line":78,"column":24},"end":{"line":78,"column":56}},{"start":{"line":78,"column":60},"end":{"line":78,"column":61}}],"line":78},"8":{"loc":{"start":{"line":79,"column":19},"end":{"line":79,"column":52}},"type":"binary-expr","locations":[{"start":{"line":79,"column":19},"end":{"line":79,"column":46}},{"start":{"line":79,"column":50},"end":{"line":79,"column":52}}],"line":79}},"s":{"0":1,"1":5,"2":5,"3":5,"4":5,"5":5,"6":5,"7":5,"8":5,"9":5,"10":4,"11":5,"12":1,"13":1,"14":1,"15":1,"16":0,"17":1,"18":0,"19":1,"20":1,"21":1,"22":1,"23":1,"24":1,"25":1,"26":0,"27":0,"28":0,"29":1,"30":1,"31":1,"32":1,"33":5,"34":0,"35":0,"36":0,"37":0,"38":0,"39":0,"40":0,"41":5,"42":0,"43":0,"44":0,"45":0,"46":0,"47":0,"48":0,"49":5},"f":{"0":5,"1":4,"2":1,"3":1,"4":0,"5":0},"b":{"0":[0,1],"1":[1,0],"2":[0,1],"3":[1,0],"4":[1,0],"5":[1,0],"6":[1,0],"7":[1,0],"8":[1,0]},"meta":{"lastBranch":9,"lastFunction":6,"lastStatement":50,"seen":{"s:13:28:168:1":0,"f:13:28:13:29":0,"s:14:27:14:40":1,"s:15:31:15:46":2,"s:16:37:21:4":3,"s:22:29:22:42":4,"s:23:37:23:50":5,"s:26:19:26:34":6,"s:27:23:31:4":7,"s:33:25:33:43":8,"s:36:1:38:15":9,"f:36:12:36:13":1,"s:37:4:37:31":10,"s:44:20:104:3":11,"f:45:4:45:9":2,"s:46:18:46:46":12,"s:47:18:47:28":13,"s:48:25:48:46":14,"b:51:6:53:7:undefined:undefined:undefined:undefined":0,"s:51:6:53:7":15,"b:51:10:51:28:51:32:51:58":1,"s:52:8:52:34":16,"b:56:6:58:7:undefined:undefined:undefined:undefined":2,"s:56:6:58:7":17,"b:56:10:56:36:56:40:56:75":3,"s:57:8:57:15":18,"s:60:6:60:23":19,"s:61:6:61:31":20,"s:63:6:99:11":21,"f:63:28:63:33":3,"s:64:8:98:9":22,"s:65:22:72:12":23
[...]
"line":18,"column":1},"end":{"line":24,"column":2}},"type":"if","locations":[{"start":{"line":18,"column":1},"end":{"line":24,"column":2}},{"start":{},"end":{}}],"line":18},"4":{"loc":{"start":{"line":20,"column":2},"end":{"line":23,"column":3}},"type":"if","locations":[{"start":{"line":20,"column":2},"end":{"line":23,"column":3}},{"start":{},"end":{}}],"line":20},"5":{"loc":{"start":{"line":21,"column":20},"end":{"line":21,"column":40}},"type":"binary-expr","locations":[{"start":{"line":21,"column":20},"end":{"line":21,"column":34}},{"start":{"line":21,"column":38},"end":{"line":21,"column":40}}],"line":21},"6":{"loc":{"start":{"line":31,"column":29},"end":{"line":31,"column":41}},"type":"default-arg","locations":[{"start":{"line":31,"column":37},"end":{"line":31,"column":41}}],"line":31},"7":{"loc":{"start":{"line":33,"column":2},"end":{"line":37,"column":3}},"type":"if","locations":[{"start":{"line":33,"column":2},"end":{"line":37,"column":3}},{"start":{"line":35,"column":9},"end":{"line":37,"column":3}}],"line":33},"8":{"loc":{"start":{"line":49,"column":21},"end":{"line":49,"column":47}},"type":"binary-expr","locations":[{"start":{"line":49,"column":21},"end":{"line":49,"column":41}},{"start":{"line":49,"column":45},"end":{"line":49,"column":47}}],"line":49},"9":{"loc":{"start":{"line":53,"column":2},"end":{"line":80,"column":3}},"type":"if","locations":[{"start":{"line":53,"column":2},"end":{"line":80,"column":3}},{"start":{},"end":{}}],"line":53},"10":{"loc":{"start":{"line":53,"column":6},"end":{"line":53,"column":104}},"type":"binary-expr","locations":[{"start":{"line":53,"column":6},"end":{"line":53,"column":36}},{"start":{"line":53,"column":40},"end":{"line":53,"column":64}},{"start":{"line":53,"column":68},"end":{"line":53,"column":82}},{"start":{"line":53,"column":86},"end":{"line":53,"column":104}}],"line":53},"11":{"loc":{"start":{"line":54,"column":3},"end":{"line":64,"column":4}},"type":"if","locations":[{"start":{"line":54,"column":3},"end":{"line":64,"column":4}},{"start":{},"end":{}}],"line":54}},"s":{"0":3,"1":3,"2":0,"3":0,"4":0,"5":0,"6":0,"7":3,"8":0,"9":0,"10":0,"11":0,"12":0,"13":0,"14":0,"15":3,"16":3,"17":3,"18":0,"19":0,"20":0,"21":0,"22":0,"23":3,"24":0,"25":0,"26":0,"27":0,"28":0,"29":0,"30":0,"31":0,"32":0,"33":0,"34":0,"35":0,"36":0,"37":0,"38":0,"39":0,"40":0,"41":0,"42":0,"43":0,"44":0,"45":0,"46":0},"f":{"0":0,"1":0,"2":0,"3":0,"4":0,"5":0,"6":0,"7":0,"8":0,"9":0,"10":0},"b":{"0":[0,0],"1":[0,0],"2":[0,0],"3":[0,0],"4":[0,0],"5":[0,0],"6":[0],"7":[0,0],"8":[0,0],"9":[0,0],"10":[0,0,0,0],"11":[0,0]},"meta":{"lastBranch":12,"lastFunction":11,"lastStatement":47,"seen":{"s:3:22:6:2":0,"s:8:19:14:1":1,"f:8:19:8:20":0,"b:9:1:9:50:undefined:undefined:undefined:undefined":0,"s:9:1:9:50":2,"s:9:38:9:50":3,"s:10:15:12:48":4,"f:12:8:12:9":1,"s:12:19:12:47":5,"s:13:1:13:79":6,"b:13:16:13:71:13:74:13:78":1,"s:16:0:26:3":7,"f:16:39:16:40":2,"s:17:16:17:54":8,"b:17:17:17:30:17:34:17:39":2,"b:18:1:24:2:undefined:undefined:undefined:undefined":3,"s:18:1:24:2":9,"s:19:20:19:43":10,"b:20:2:23:3:undefined:undefined:undefined:undefined":4,"s:20:2:23:3":11,"s:21:3:21:41":12,"b:21:20:21:34:21:38:21:40":5,"s:22:3:22:46":13,"s:25:1:25:15":14,"s:28:19:28:24":15,"s:29:18:29:20":16,"s:31:21:40:1":17,"f:31:21:31:22":3,"b:31:37:31:41":6,"s:32:1:38:4":18,"f:32:21:32:22":4,"b:33:2:37:3:35:9:37:3":7,"s:33:2:37:3":19,"s:34:3:34:17":20,"s:36:3:36:18":21,"s:39:1:39:18":22,"s:42:0:84:2":23,"f:43:1:43:2":5,"s:43:15:43:23":24,"f:44:1:44:6":6,"s:45:26:45:38":25,"s:48:24:48:95":26,"s:49:21:49:47":27,"b:49:21:49:41:49:45:49:47":8,"s:50:24:50:77":28,"f:50:43:50:44":7,"s:50:52:50:76":29,"s:51:28:51:65":30,"b:53:2:80:3:undefined:undefined:undefined:undefined":9,"s:53:2:80:3":31,"b:53:6:53:36:53:40:53:64:53:68:53:82:53:86:53:104":10,"b:54:3:64:4:undefined:undefined:undefined:undefined":11,"s:54:3:64:4":32,"s:55:4:63:8":33,"f:55:23:55:24":8,"s:56:5:56:43":34,"f:58:11:58:12":9,"s:59:6:59:44":35,"f:61:12:61:13":10,"s:62:6:62:33":36,"s:66:3:66:33":37,"s:67:3:67:23":38,"s:69:3:79:4":39,"s:70:4:70:52":40,"s:71:4:71:29":41,"s:72:4:72:42":42,"s:74:4:74:37":43,"s:76:4:76:40":44,"s:78:4:78:25":45,"s:82:2:82:31":46}}}
,"D:\\TMDT-team\\watch-ecommerce\\frontend\\src\\lib\\errorHandler.js": {"path":"D:\\TMDT-team\\watch-ecommerce\\frontend\\src\\lib\\errorHandler.js","statementMap":{"0":{"start":{"line":23,"column":26},"end":{"line":65,"column":1}},"1":{"start":{"line":25,"column":2},"end":{"line":33,"column":3}},"2":{"start":{"line":26,"column":4},"end":{"line":32,"column":6}},"3":{"start":{"line":36,"column":2},"end":{"line":44,"column":3}},"4":{"start":{"line":37,"column":4},"end":{"line":43,"column":6}},"5":{"start":{"line":47,"column":2},"end":{"line":55,"column":3}},"6":{"start":{"line":48,"column":4},"end":{"line":54,"column":6}},"7":{"start":{"line":58,"column":2},"end":{"line":64,"column":4}},"8":{"start":{"line":72,"column":31},"end":{"line":75,"column":1}},"9":{"start":{"line":73,"column":17},"end":{"line":73,"column":34}},"10":{"start":{"line":74,"column":2},"end":{"line":74,"column":24}},"11":{"start":{"line":82,"column":27},"end":{"line":89,"column":1}},"12":{"start":{"line":83,"column":17},"end":{"line":83,"column":34}},"13":{"start":{"line":84,"column":2},"end":{"line":88,"column":4}},"14":{"start":{"line":96,"column":33},"end":{"line":102,"column":1}},"15":{"start":{"line":97,"column":17},"end":{"line":97,"column":34}},"16":{"start":{"line":98,"column":2},"end":{"line":101,"column":4}},"17":{"start":{"line":109,"column":30},"end":{"line":112,"column":1}},"18":{"start":{"line":110,"column":17},"end":{"line":110,"column":34}},"19":{"start":{"line":111,"column":2},"end":{"line":111,"column":68}},"20":{"start":{"line":119,"column":24},"end":{"line":125,"column":1}},"21":{"start":{"line":120,"column":17},"end":{"line":120,"column":34}},"22":{"start":{"line":121,"column":2},"end":{"line":124,"column":5}},"23":{"start":{"line":130,"column":27},"end":{"line":141,"column":1}},"24":{"start":{"line":146,"column":29},"end":{"line":156,"column":1}},"25":{"start":{"line":163,"column":35},"end":{"line":165,"column":1}},"26":{"start":{"line":164,"column":2},"end":{"line":164,"column":66}}},"fnMap":{"0":{"name":"(anonymous_0)","decl":{"start":{"line":23,"column":26},"end":{"line":23,"column":27}},"loc":{"start":{"line":23,"column":37},"end":{"line":65,"column":1}},"line":23},"1":{"name":"(anonymous_1)","decl":{"start":{"line":72,"column":31},"end":{"line":72,"column":32}},"loc":{"start":{"line":72,"column":42},"end":{"line":75,"column":1}},"line":72},"2":{"name":"(anonymous_2)","decl":{"start":{"line":82,"column":27},"end":{"line":82,"column":28}},"loc":{"start":{"line":82,"column":38},"end":{"line":89,"column":1}},"line":82},"3":{"name":"(anonymous_3)","decl":{"start":{"line":96,"column":33},"end":{"line":96,"column":34}},"loc":{"start":{"line":96,"column":44},"end":{"line":102,"column":1}},"line":96},"4":{"name":"(anonymous_4)","decl":{"start":{"line":109,"column":30},"end":{"line":109,"column":31}},"loc":{"start":{"line":109,"column":41},"end":{"line":112,"column":1}},"line":109},"5":{"name":"(anonymous_5)","decl":{"start":{"line":119,"column":24},"end":{"line":119,"column":25}},"loc":{"start":{"line":119,"column":44},"end":{"line":125,"column":1}},"line":119},"6":{"name":"(anonymous_6)","decl":{"start":{"line":163,"column":35},"end":{"line":163,"column":36}},"loc":{"start":{"line":163,"column":51},"end":{"line":165,"column":1}},"line":163}},"branchMap":{"0":{"loc":{"start":{"line":25,"column":2},"end":{"line":33,"column":3}},"type":"if","locations":[{"start":{"line":25,"column":2},"end":{"line":33,"column":3}},{"start":{},"end":{}}],"line":25},"1":{"loc":{"start":{"line":27,"column":12},"end":{"line":27,"column":72}},"type":"binary-expr","locations":[{"start":{"line":27,"column":12},"end":{"line":27,"column":37}},{"start":{"line":27,"column":41},"end":{"line":27,"column":72}}],"line":27},"2":{"loc":{"start":{"line":28,"column":15},"end":{"line":28,"column":77}},"type":"binary-expr","locations":[{"start":{"line":28,"column":15},"end":{"line":28,"column":43}},{"start":{"line":28,"column":47},"end":{"line":28,"column":60}},{"start":{"line":28,"column":64},"end":{"line":28,"column":77}}],"line":28},"3":{"loc":{"start":{"line":29,"column":15},"end":{"line":29,"column":72}},"type":"binary-expr","locations":[{"start":{"line":29,"column":15},"end":{"line":29,"column":43}},{"start":{"line":29,"column":47},"end":{"line":29,"column":72}}],"line":29},"4":{"loc":{"start":{"line":36,"column":2},"end":{"line":44,"column":3}},"type":"if","locations":[{"start":{"line":36,"column":2},"end":{"line":44,"column":3}},{"start":{},"end":{}}],"line":36},"5":{"loc":{"start":{"line":36,"column":6},"end":{"line":36,"column":38}},"type":"binary-expr","locations":[{"start":{"line":36,"column":6},"end":{"line":36,"column":19}},{"start":{"line":36,"column":23},"end":{"line":36,"column":38}}],"line":36},"6":{"loc":{"start":{"line":47,"column":2},"end":{"line":55,"column":3}},"type":"if","locations":[{"start":{"line":47,"column":2},"end":{"line":55,"column":3}},{"start":{},"end":{}}],"line":47},"7":{"loc":{"start":{"line":50,"column":15},"end":{"line":50,"column":52}},"type":"binary-expr","locations":[{"start":{"line":50,"column":15},"end":{"line":50,"column":28}},{"start":{"line":50,"column":32},"end":{"line":50,"column":52}}],"line":50},"8":{"loc":{"start":{"line":85,"column":4},"end":{"line":87,"column":41}},"type":"binary-expr","locations":[{"start":{"line":85,"column":4},"end":{"line":85,"column":29}},{"start":{"line":86,"column":4},"end":{"line":86,"column":33}},{"start":{"line":87,"column":4},"end":{"line":87,"column":41}}],"line":85},"9":{"loc":{"start":{"line":99,"column":4},"end":{"line":100,"column":39}},"type":"binary-expr","locations":[{"start":{"line":99,"column":4},"end":{"line":99,"column":29}},{"start":{"line":100,"column":4},"end":{"line":100,"column":39}}],"line":99},"10":{"loc":{"start":{"line":111,"column":9},"end":{"line":111,"column":67}},"type":"binary-expr","locations":[{"start":{"line":111,"column":9},"end":{"line":111,"column":40}},{"start":{"line":111,"column":44},"end":{"line":111,"column":67}}],"line":111},"11":{"loc":{"start":{"line":164,"column":9},"end":{"line":164,"column":65}},"type":"binary-expr","locations":[{"start":{"line":164,"column":9},"end":{"line":164,"column":41}},{"start":{"line":164,"column":45},"end":{"line":164,"column":65}}],"line":164}},"s":{"0":4,"1":21,"2":6,"3":15,"4":0,"5":15,"6":10,"7":5,"8":4,"9":4,"10":4,"11":4,"12":4,"13":4,"14":4,"15":4,"16":4,"17":4,"18":0,"19":0,"20":4,"21":4,"22":4,"23":4,"24":4,"25":4,"26":0},"f":{"0":21,"1":4,"2":4,"3":4,"4":0,"5":4,"6":0},"b":{"0":[6,15],"1":[6,6],"2":[6,0,0],"3":[6,6],"4":[0,15],"5":[15,0],"6":[10,5],"7":[10,0],"8":[4,4,4],"9":[4,4],"10":[0,0],"11":[0,0]},"meta":{"lastBranch":12,"lastFunction":7,"lastStatement":27,"seen":{"s:23:26:65:1":0,"f:23:26:23:27":0,"b:25:2:33:3:undefined:undefined:undefined:undefined":0,"s:25:2:33:3":1,"s:26:4:32:6":2,"b:27:12:27:37:27:41:27:72":1,"b:28:15:28:43:28:47:28:60:28:64:28:77":2,"b:29:15:29:43:29:47:29:72":3,"b:36:2:44:3:undefined:undefined:undefined:undefined":4,"s:36:2:44:3":3,"b:36:6:36:19:36:23:36:38":5,"s:37:4:43:6":4,"b:47:2:55:3:undefined:undefined:undefined:undefined":6,"s:47:2:55:3":5,"s:48:4:54:6":6,"b:50:15:50:28:50:32:50:52":7,"s:58:2:64:4":7,"s:72:31:75:1":8,"f:72:31:72:32":1,"s:73:17:73:34":9,"s:74:2:74:24":10,"s:82:27:89:1":11,"f:82:27:82:28":2,"s:83:17:83:34":12,"s:84:2:88:4":13,"b:85:4:85:29:86:4:86:33:87:4:87:41":8,"s:96:33:102:1":14,"f:96:33:96:34":3,"s:97:17:97:34":15,"s:98:2:101:4":16,"b:99:4:99:29:100:4:100:39":9,"s:109:30:112:1":17,"f:109:30:109:31":4,"s:110:17:110:34":18,"s:111:2:111:68":19,"b:111:9:111:40:111:44:111:67":10,"s:119:24:125:1":20,"f:119:24:119:25":5,"s:120:17:120:34":21,"s:121:2:124:5":22,"s:130:27:141:1":23,"s:146:29:156:1":24,"s:163:35:165:1":25,"f:163:35:163:36":6,"s:164:2:164:66":26,"b:164:9:164:41:164:45:164:65":11}}}
,"D:\\TMDT-team\\watch-ecommerce\\frontend\\src\\stores\\useModalStore.js": {"path":"D:\\TMDT-team\\watch-ecommerce\\frontend\\src\\stores\\useModalStore.js","statementMap":{"0":{"start":{"line":25,"column":21},"end":{"line":142,"column":3}},"1":{"start":{"line":25,"column":44},"end":{"line":142,"column":1}},"2":{"start":{"line":35,"column":4},"end":{"line":40,"column":8}},"3":{"start":{"line":35,"column":20},"end":{"line":40,"column":5}},"4":{"start":{"line":48,"column":4},"end":{"line":53,"column":8}},"5":{"start":{"line":48,"column":20},"end":{"line":53,"column":5}},"6":{"start":{"line":62,"column":18},"end":{"line":62,"column":23}},"7":{"start":{"line":63,"column":28},"end":{"line":63,"column":46}},"8":{"start":{"line":65,"column":4},"end":{"line":69,"column":5}},"9":{"start":{"line":66,"column":6},"end":{"line":66,"column":29}},"10":{"start":{"line":68,"column":6},"end":{"line":68,"column":34}},"11":{"start":{"line":78,"column":18},"end":{"line":78,"column":23}},"12":{"start":{"line":79,"column":4},"end":{"line":79,"column":45}},"13":{"start":{"line":88,"column":18},"end":{"line":88,"column":23}},"14":{"start":{"line":89,"column":4},"end":{"line":89,"column":44}},"15":{"start":{"line":98,"column":4},"end":{"line":106,"column":8}},"16":{"start":{"line":98,"column":20},"end":{"line":106,"column":5}},"17":{"start":{"line":113,"column":4},"end":{"line":119,"column":7}},"18":{"start":{"line":114,"column":24},"end":{"line":114,"column":26}},"19":{"start":{"line":115,"column":6},"end":{"line":117,"column":9}},"20":{"start":{"line":116,"column":8},"end":{"line":116,"column":53}},"21":{"start":{"line":118,"column":6},"end":{"line":118,"column":35}},"22":{"start":{"line":127,"column":18},"end":{"line":127,"column":23}},"23":{"start":{"line":128,"column":4},"end":{"line":130,"column":29}},"24":{"start":{"line":129,"column":32},"end":{"line":129,"column":36}},"25":{"start":{"line":130,"column":23},"end":{"line":130,"column":27}},"26":{"start":{"line":139,"column":18},"end":{"line":139,"column":23}},"27":{"start":{"line":140,"column":4},"end":{"line":140,"column":61}}},"fnMap":{"0":{"name":"(anonymous_0)","decl":{"start":{"line":25,"column":29},"end":{"line":25,"column":30}},"loc":{"start":{"line":25,"column":44},"end":{"line":142,"column":1}},"line":25},"1":{"name":"(anonymous_1)","decl":{"start":{"line":34,"column":13},"end":{"line":34,"column":14}},"loc":{"start":{"line":34,"column":36},"end":{"line":41,"column":3}},"line":34},"2":{"name":"(anonymous_2)","decl":{"start":{"line":35,"column":8},"end":{"line":35,"column":9}},"loc":{"start":{"line":35,"column":20},"end":{"line":40,"column":5}},"line":35},"3":{"name":"(anonymous_3)","decl":{"start":{"line":47,"column":14},"end":{"line":47,"column":15}},"loc":{"start":{"line":47,"column":24},"end":{"line":54,"column":3}},"line":47},"4":{"name":"(anonymous_4)","decl":{"start":{"line":48,"column":8},"end":{"line":48,"column":9}},"loc":{"start":{"line":48,"column":20},"end":{"line":53,"column":5}},"line":48},"5":{"name":"(anonymous_5)","decl":{"start":{"line":61,"column":15},"end":{"line":61,"column":16}},"loc":{"start":{"line":61,"column":38},"end":{"line":70,"column":3}},"line":61},"6":{"name":"(anonymous_6)","decl":{"start":{"line":77,"column":10},"end":{"line":77,"column":11}},"loc":{"start":{"line":77,"column":20},"end":{"line":80,"column":3}},"line":77},"7":{"name":"(anonymous_7)","decl":{"start":{"line":87,"column":16},"end":{"line":87,"column":17}},"loc":{"start":{"line":87,"column":26},"end":{"line":90,"column":3}},"line":87},"8":{"name":"(anonymous_8)","decl":{"start":{"line":97,"column":19},"end":{"line":97,"column":20}},"loc":{"start":{"line":97,"column":35},"end":{"line":107,"column":3}},"line":97},"9":{"name":"(anonymous_9)","decl":{"start":{"line":98,"column":8},"end":{"line":98,"column":9}},"loc":{"start":{"line":98,"column":20},"end":{"line":106,"column":5}},"line":98},"10":{"name":"(anonymous_10)","decl":{"start":{"line":112,"column":12},"end":{"line":112,"column":13}},"loc":{"start":{"line":112,"column":18},"end":{"line":120,"column":3}},"line":112},"11":{"name":"(anonymous_11)","decl":{"start":{"line":113,"column":8},"end":{"line":113,"column":9}},"loc":{"start":{"line":113,"column":19},"end":{"line":119,"column":5}},"line":113},"12":{"name":"(anonymous_12)","decl":{"start":{"line":115,"column":40},"end":{"line":115,"column":41}},"loc":{"start":{"line":115,"column":49},"end":{"line":117,"column":7}},"line":115},"13":{"name":"(anonymous_13)","decl":{"start":{"line":126,"column":17},"end":{"line":126,"column":18}},"loc":{"start":{"line":126,"column":23},"end":{"line":131,"column":3}},"line":126},"14":{"name":"(anonymous_14)","decl":{"start":{"line":129,"column":14},"end":{"line":129,"column":15}},"loc":{"start":{"line":129,"column":32},"end":{"line":129,"column":36}},"line":129},"15":{"name":"(anonymous_15)","decl":{"start":{"line":130,"column":11},"end":{"line":130,"column":12}},"loc":{"start":{"line":130,"column":23},"end":{"line":130,"column":27}},"line":130},"16":{"name":"(anonymous_16)","decl":{"start":{"line":138,"column":12},"end":{"line":138,"column":13}},"loc":{"start":{"line":138,"column":22},"end":{"line":141,"column":3}},"line":138}},"branchMap":{"0":{"loc":{"start":{"line":34,"column":20},"end":{"line":34,"column":31}},"type":"default-arg","locations":[{"start":{"line":34,"column":27},"end":{"line":34,"column":31}}],"line":34},"1":{"loc":{"start":{"line":61,"column":22},"end":{"line":61,"column":33}},"type":"default-arg","locations":[{"start":{"line":61,"column":29},"end":{"line":61,"column":33}}],"line":61},"2":{"loc":{"start":{"line":65,"column":4},"end":{"line":69,"column":5}},"type":"if","locations":[{"start":{"line":65,"column":4},"end":{"line":69,"column":5}},{"start":{"line":67,"column":11},"end":{"line":69,"column":5}}],"line":65},"3":{"loc":{"start":{"line":79,"column":11},"end":{"line":79,"column":44}},"type":"binary-expr","locations":[{"start":{"line":79,"column":11},"end":{"line":79,"column":35}},{"start":{"line":79,"column":39},"end":{"line":79,"column":44}}],"line":79},"4":{"loc":{"start":{"line":89,"column":11},"end":{"line":89,"column":43}},"type":"binary-expr","locations":[{"start":{"line":89,"column":11},"end":{"line":89,"column":35}},{"start":{"line":89,"column":39},"end":{"line":89,"column":43}}],"line":89},"5":{"loc":{"start":{"line":140,"column":11},"end":{"line":140,"column":60}},"type":"binary-expr","locations":[{"start":{"line":140,"column":11},"end":{"line":140,"column":29}},{"start":{"line":140,"column":33},"end":{"line":140,"column":60}}],"line":140}},"s":{"0":1,"1":1,"2":22,"3":22,"4":9,"5":9,"6":7,"7":7,"8":7,"9":3,"10":4,"11":27,"12":27,"13":7,"14":7,"15":1,"16":1,"17":16,"18":16,"19":16,"20":52,"21":16,"22":1,"23":1,"24":3,"25":2,"26":0,"27":0},"f":{"0":1,"1":22,"2":22,"3":9,"4":9,"5":7,"6":27,"7":7,"8":1,"9":1,"10":16,"11":16,"12":52,"13":1,"14":3,"15":2,"16":0},"b":{"0":[22],"1":[7],"2":[3,4],"3":[27,1],"4":[7,1],"5":[0,0]},"meta":{"lastBranch":6,"lastFunction":17,"lastStatement":28,"seen":{"s:25:21:142:3":0,"f:25:29:25:30":0,"s:25:44:142:1":1,"f:34:13:34:14":1,"b:34:27:34:31":0,"s:35:4:40:8":2,"f:35:8:35:9":2,"s:35:20:40:5":3,"f:47:14:47:15":3,"s:48:4:53:8":4,"f:48:8:48:9":4,"s:48:20:53:5":5,"f:61:15:61:16":5,"b:61:29:61:33":1,"s:62:18:62:23":6,"s:63:28:63:46":7,"b:65:4:69:5:67:11:69:5":2,"s:65:4:69:5":8,"s:66:6:66:29":9,"s:68:6:68:34":10,"f:77:10:77:11":6,"s:78:18:78:23":11,"s:79:4:79:45":12,"b:79:11:79:35:79:39:79:44":3,"f:87:16:87:17":7,"s:88:18:88:23":13,"s:89:4:89:44":14,"b:89:11:89:35:89:39:89:43":4,"f:97:19:97:20":8,"s:98:4:106:8":15,"f:98:8:98:9":9,"s:98:20:106:5":16,"f:112:12:112:13":10,"s:113:4:119:7":17,"f:113:8:113:9":11,"s:114:24:114:26":18,"s:115:6:117:9":19,"f:115:40:115:41":12,"s:116:8:116:53":20,"s:118:6:118:35":21,"f:126:17:126:18":13,"s:127:18:127:23":22,"s:128:4:130:29":23,"f:129:14:129:15":14,"s:129:32:129:36":24,"f:130:11:130:12":15,"s:130:23:130:27":25,"f:138:12:138:13":16,"s:139:18:139:23":26,"s:140:4:140:61":27,"b:140:11:140:29:140:33:140:60":5}}}
}
