TN:
SF:src\hooks\useApiFetch.js
FN:30,(anonymous_0)
FN:45,(anonymous_1)
FN:46,(anonymous_2)
FN:57,(anonymous_3)
FN:99,(anonymous_4)
FN:108,(anonymous_5)
FN:132,(anonymous_6)
FN:143,(anonymous_7)
FN:144,(anonymous_8)
FN:150,(anonymous_9)
FN:180,(anonymous_10)
FN:184,(anonymous_11)
FN:188,(anonymous_12)
FN:192,(anonymous_13)
FN:231,(anonymous_14)
FN:242,(anonymous_15)
FN:243,(anonymous_16)
FN:249,(anonymous_17)
FN:283,(anonymous_18)
FNF:19
FNH:12
FNDA:5,(anonymous_0)
FNDA:4,(anonymous_1)
FNDA:4,(anonymous_2)
FNDA:1,(anonymous_3)
FNDA:0,(anonymous_4)
FNDA:1,(anonymous_5)
FNDA:2,(anonymous_6)
FNDA:2,(anonymous_7)
FNDA:2,(anonymous_8)
FNDA:0,(anonymous_9)
FNDA:0,(anonymous_10)
FNDA:0,(anonymous_11)
FNDA:0,(anonymous_12)
FNDA:0,(anonymous_13)
FNDA:3,(anonymous_14)
FNDA:2,(anonymous_15)
FNDA:2,(anonymous_16)
FNDA:1,(anonymous_17)
FNDA:0,(anonymous_18)
DA:30,1
DA:36,5
DA:38,5
DA:39,5
DA:40,5
DA:41,5
DA:42,5
DA:45,5
DA:46,4
DA:47,4
DA:56,5
DA:61,1
DA:63,1
DA:64,1
DA:65,1
DA:67,1
DA:69,1
DA:71,1
DA:72,1
DA:73,1
DA:75,1
DA:77,0
DA:79,0
DA:85,0
DA:86,0
DA:87,0
DA:89,0
DA:98,5
DA:100,0
DA:108,5
DA:109,1
DA:110,1
DA:111,1
DA:114,5
DA:132,1
DA:133,2
DA:135,2
DA:136,2
DA:137,2
DA:138,2
DA:139,2
DA:140,2
DA:141,2
DA:143,2
DA:144,2
DA:145,2
DA:149,2
DA:151,0
DA:152,0
DA:153,0
DA:155,0
DA:157,0
DA:159,0
DA:160,0
DA:161,0
DA:163,0
DA:165,0
DA:167,0
DA:172,0
DA:173,0
DA:174,0
DA:180,2
DA:181,0
DA:184,2
DA:185,0
DA:188,2
DA:189,0
DA:192,2
DA:193,0
DA:194,0
DA:195,0
DA:196,0
DA:199,2
DA:201,2
DA:231,1
DA:235,3
DA:237,3
DA:238,3
DA:239,3
DA:240,3
DA:242,3
DA:243,2
DA:244,2
DA:248,3
DA:250,1
DA:252,1
DA:253,1
DA:254,1
DA:256,1
DA:258,1
DA:260,1
DA:261,1
DA:263,1
DA:265,0
DA:267,0
DA:273,0
DA:274,0
DA:275,0
DA:277,0
DA:283,3
DA:284,0
DA:285,0
DA:288,3
LF:103
LH:67
BRDA:30,0,0,5
BRDA:32,1,0,5
BRDA:35,2,0,5
BRDA:57,3,0,1
BRDA:59,4,0,1
BRDA:60,5,0,1
BRDA:69,6,0,0
BRDA:69,6,1,1
BRDA:77,7,0,0
BRDA:77,7,1,0
BRDA:132,8,0,2
BRDA:133,9,0,2
BRDA:133,10,0,2
BRDA:157,11,0,0
BRDA:157,11,1,0
BRDA:159,12,0,0
BRDA:159,12,1,0
BRDA:160,13,0,0
BRDA:160,13,1,0
BRDA:165,14,0,0
BRDA:165,14,1,0
BRDA:231,15,0,3
BRDA:249,16,0,1
BRDA:250,17,0,1
BRDA:250,18,0,1
BRDA:258,19,0,0
BRDA:258,19,1,1
BRDA:265,20,0,0
BRDA:265,20,1,0
BRF:29
BRH:15
end_of_record
TN:
SF:src\hooks\useErrorHandler.js
FN:23,(anonymous_0)
FN:24,(anonymous_1)
FN:25,(anonymous_2)
FN:40,(anonymous_3)
FN:90,(anonymous_4)
FN:91,(anonymous_5)
FN:113,(anonymous_6)
FN:129,(anonymous_7)
FN:130,(anonymous_8)
FN:141,(anonymous_9)
FNF:10
FNH:9
FNDA:23,(anonymous_0)
FNDA:23,(anonymous_1)
FNDA:23,(anonymous_2)
FNDA:4,(anonymous_3)
FNDA:2,(anonymous_4)
FNDA:2,(anonymous_5)
FNDA:0,(anonymous_6)
FNDA:1,(anonymous_7)
FNDA:2,(anonymous_8)
FNDA:1,(anonymous_9)
DA:23,4
DA:24,23
DA:25,23
DA:39,23
DA:49,4
DA:51,4
DA:52,4
DA:55,4
DA:56,4
DA:60,4
DA:61,4
DA:65,4
DA:66,4
DA:70,4
DA:71,0
DA:74,4
DA:75,0
DA:78,4
DA:89,23
DA:91,2
DA:92,2
DA:93,2
DA:95,1
DA:99,1
DA:112,23
DA:114,0
DA:115,0
DA:117,0
DA:118,0
DA:120,0
DA:129,23
DA:130,1
DA:131,2
DA:140,23
DA:146,1
DA:148,1
DA:149,1
DA:151,1
DA:152,0
DA:153,0
DA:156,1
DA:161,23
LF:42
LH:33
BRDA:40,0,0,4
BRDA:42,1,0,4
BRDA:43,2,0,4
BRDA:44,3,0,4
BRDA:45,4,0,4
BRDA:46,5,0,4
BRDA:55,6,0,4
BRDA:55,6,1,0
BRDA:60,7,0,4
BRDA:60,7,1,0
BRDA:65,8,0,4
BRDA:65,8,1,0
BRDA:70,9,0,0
BRDA:70,9,1,4
BRDA:74,10,0,0
BRDA:74,10,1,4
BRDA:90,11,0,2
BRDA:96,12,0,1
BRDA:96,12,1,0
BRDA:113,13,0,0
BRDA:113,14,0,0
BRDA:114,15,0,0
BRDA:114,15,1,0
BRDA:115,16,0,0
BRDA:141,17,0,1
BRDA:143,18,0,1
BRDA:144,19,0,1
BRDA:151,20,0,0
BRDA:151,20,1,1
BRF:29
BRH:17
end_of_record
TN:
SF:src\hooks\useOrderForm.js
FN:5,useOrderForm
FN:14,(anonymous_1)
FN:25,(anonymous_2)
FN:26,(anonymous_3)
FN:29,(anonymous_4)
FNF:5
FNH:4
FNDA:8,useOrderForm
FNDA:4,(anonymous_1)
FNDA:1,(anonymous_2)
FNDA:1,(anonymous_3)
FNDA:0,(anonymous_4)
DA:6,8
DA:12,8
DA:14,8
DA:15,4
DA:16,3
DA:25,8
DA:26,1
DA:29,8
DA:30,0
DA:31,0
DA:32,0
DA:33,0
DA:39,0
DA:40,0
DA:42,0
DA:43,0
DA:45,0
DA:49,8
LF:18
LH:9
BRDA:15,0,0,3
BRDA:15,0,1,1
BRDA:17,1,0,3
BRDA:17,1,1,0
BRDA:18,2,0,3
BRDA:18,2,1,0
BRDA:19,3,0,3
BRDA:19,3,1,0
BRDA:20,4,0,3
BRDA:20,4,1,0
BRDA:30,5,0,0
BRDA:30,5,1,0
BRDA:36,6,0,0
BRDA:36,6,1,0
BRDA:42,7,0,0
BRDA:42,7,1,0
BRF:16
BRH:6
end_of_record
TN:
SF:src\hooks\useOrderStatus.js
FN:29,useOrderStatus
FN:34,(anonymous_1)
FN:38,(anonymous_2)
FN:53,(anonymous_3)
FN:61,(anonymous_4)
FNF:5
FNH:2
FNDA:6,useOrderStatus
FNDA:6,(anonymous_1)
FNDA:0,(anonymous_2)
FNDA:0,(anonymous_3)
FNDA:0,(anonymous_4)
DA:5,1
DA:17,1
DA:30,6
DA:31,6
DA:32,6
DA:34,6
DA:35,6
DA:38,6
DA:39,0
DA:40,0
DA:41,0
DA:42,0
DA:43,0
DA:44,0
DA:46,0
DA:48,0
DA:49,0
DA:53,6
DA:54,0
DA:55,0
DA:56,0
DA:61,0
DA:64,0
DA:68,6
LF:24
LH:10
BRDA:35,0,0,6
BRDA:35,0,1,0
BRDA:42,1,0,0
BRDA:42,1,1,0
BRDA:43,2,0,0
BRDA:43,2,1,0
BRDA:44,3,0,0
BRDA:44,3,1,0
BRDA:46,4,0,0
BRDA:46,4,1,0
BRDA:54,5,0,0
BRDA:54,5,1,0
BRDA:55,6,0,0
BRDA:55,6,1,0
BRF:14
BRH:1
end_of_record
TN:
SF:src\hooks\useProductsBulkSelect.js
FN:10,(anonymous_0)
FN:14,(anonymous_1)
FN:15,(anonymous_2)
FN:19,(anonymous_3)
FN:22,(anonymous_4)
FN:27,(anonymous_5)
FN:36,(anonymous_6)
FN:37,(anonymous_7)
FN:49,(anonymous_8)
FN:50,(anonymous_9)
FN:55,(anonymous_10)
FN:58,(anonymous_11)
FN:66,(anonymous_12)
FN:71,(anonymous_13)
FN:72,(anonymous_14)
FN:75,(anonymous_15)
FN:86,(anonymous_16)
FN:105,(anonymous_17)
FN:106,(anonymous_18)
FNF:19
FNH:18
FNDA:18,(anonymous_0)
FNDA:10,(anonymous_1)
FNDA:27,(anonymous_2)
FNDA:18,(anonymous_3)
FNDA:27,(anonymous_4)
FNDA:18,(anonymous_5)
FNDA:7,(anonymous_6)
FNDA:7,(anonymous_7)
FNDA:3,(anonymous_8)
FNDA:3,(anonymous_9)
FNDA:0,(anonymous_10)
FNDA:9,(anonymous_11)
FNDA:1,(anonymous_12)
FNDA:1,(anonymous_13)
FNDA:1,(anonymous_14)
FNDA:3,(anonymous_15)
FNDA:48,(anonymous_16)
FNDA:3,(anonymous_17)
FNDA:1,(anonymous_18)
DA:10,1
DA:11,18
DA:14,18
DA:15,27
DA:19,18
DA:20,18
DA:22,27
DA:27,18
DA:28,18
DA:36,18
DA:37,7
DA:38,7
DA:39,7
DA:40,0
DA:42,7
DA:44,7
DA:49,18
DA:50,3
DA:51,3
DA:53,3
DA:55,0
DA:58,9
DA:61,3
DA:66,18
DA:67,1
DA:71,18
DA:72,1
DA:73,1
DA:75,1
DA:76,3
DA:77,2
DA:80,1
DA:85,18
DA:86,18
DA:87,48
DA:90,18
DA:105,3
DA:106,1
LF:38
LH:36
BRDA:10,0,0,18
BRDA:21,1,0,18
BRDA:21,1,1,18
BRDA:29,2,0,18
BRDA:29,2,1,18
BRDA:29,2,2,7
BRDA:39,3,0,0
BRDA:39,3,1,7
BRDA:53,4,0,0
BRDA:53,4,1,3
BRDA:76,5,0,2
BRDA:76,5,1,1
BRF:12
BRH:10
end_of_record
TN:
SF:src\hooks\useProductsList.js
FN:13,(anonymous_0)
FN:31,(anonymous_1)
FN:55,(anonymous_2)
FN:75,(anonymous_3)
FN:118,(anonymous_4)
FN:139,(anonymous_5)
FNF:6
FNH:2
FNDA:2,(anonymous_0)
FNDA:1,(anonymous_1)
FNDA:0,(anonymous_2)
FNDA:0,(anonymous_3)
FNDA:0,(anonymous_4)
FNDA:0,(anonymous_5)
DA:13,1
DA:23,2
DA:25,2
DA:30,2
DA:32,1
DA:34,1
DA:35,1
DA:42,0
DA:54,2
DA:56,0
DA:57,0
DA:58,0
DA:59,0
DA:61,0
DA:65,0
DA:74,2
DA:76,0
DA:77,0
DA:78,0
DA:81,0
DA:82,0
DA:83,0
DA:85,0
DA:86,0
DA:87,0
DA:88,0
DA:90,0
DA:91,0
DA:95,0
DA:96,0
DA:98,0
DA:99,0
DA:102,0
DA:104,0
DA:108,0
DA:117,2
DA:119,0
DA:120,0
DA:121,0
DA:122,0
DA:123,0
DA:125,0
DA:129,0
DA:138,2
DA:140,0
DA:141,0
DA:142,0
DA:145,0
DA:146,0
DA:148,0
DA:149,0
DA:150,0
DA:151,0
DA:153,0
DA:157,0
DA:158,0
DA:159,0
DA:160,0
DA:163,0
DA:165,0
DA:169,0
DA:175,2
LF:62
LH:12
BRDA:31,0,0,1
BRDA:32,1,0,1
BRDA:32,2,0,1
BRDA:32,3,0,1
BRDA:32,4,0,1
BRDA:76,5,0,0
BRDA:76,5,1,0
BRDA:76,6,0,0
BRDA:76,6,1,0
BRDA:95,7,0,0
BRDA:95,7,1,0
BRDA:98,8,0,0
BRDA:98,8,1,0
BRDA:121,9,0,0
BRDA:121,9,1,0
BRDA:140,10,0,0
BRDA:140,10,1,0
BRDA:140,11,0,0
BRDA:140,11,1,0
BRDA:157,12,0,0
BRDA:157,12,1,0
BRDA:158,13,0,0
BRDA:158,13,1,0
BRDA:177,14,0,2
BRDA:177,14,1,0
BRDA:179,15,0,2
BRDA:179,15,1,0
BRDA:180,16,0,2
BRDA:180,16,1,0
BRDA:181,17,0,2
BRDA:181,17,1,2
BRF:31
BRH:10
end_of_record
TN:
SF:src\hooks\useProductsSearch.js
FN:11,(anonymous_0)
FN:25,(anonymous_1)
FN:26,(anonymous_2)
FN:29,(anonymous_3)
FN:33,(anonymous_4)
FN:57,(anonymous_5)
FN:64,(anonymous_6)
FN:83,(anonymous_7)
FN:83,(anonymous_8)
FN:84,(anonymous_9)
FN:84,(anonymous_10)
FNF:11
FNH:9
FNDA:21,(anonymous_0)
FNDA:6,(anonymous_1)
FNDA:0,(anonymous_2)
FNDA:6,(anonymous_3)
FNDA:11,(anonymous_4)
FNDA:1,(anonymous_5)
FNDA:0,(anonymous_6)
FNDA:1,(anonymous_7)
FNDA:1,(anonymous_8)
FNDA:1,(anonymous_9)
FNDA:1,(anonymous_10)
DA:11,1
DA:12,21
DA:15,21
DA:16,21
DA:17,21
DA:19,21
DA:20,21
DA:21,21
DA:22,21
DA:25,21
DA:26,6
DA:27,0
DA:29,6
DA:33,21
DA:34,11
DA:36,11
DA:37,2
DA:39,9
DA:42,11
DA:43,0
DA:45,11
DA:48,11
DA:49,2
DA:51,9
DA:54,11
DA:57,21
DA:58,1
DA:59,1
DA:60,1
DA:61,1
DA:64,21
DA:65,0
DA:68,21
DA:83,1
DA:84,1
LF:35
LH:32
BRDA:15,0,0,21
BRDA:15,0,1,18
BRDA:16,1,0,21
BRDA:16,1,1,21
BRDA:17,2,0,21
BRDA:17,2,1,19
BRDA:36,3,0,2
BRDA:36,3,1,9
BRDA:42,4,0,0
BRDA:42,4,1,11
BRDA:48,5,0,2
BRDA:48,5,1,9
BRF:12
BRH:11
end_of_record
TN:
SF:src\hooks\useUsersData.js
FN:13,(anonymous_0)
FN:36,(anonymous_1)
FN:45,(anonymous_2)
FN:63,(anonymous_3)
FN:110,(anonymous_4)
FN:133,(anonymous_5)
FNF:6
FNH:4
FNDA:5,(anonymous_0)
FNDA:4,(anonymous_1)
FNDA:1,(anonymous_2)
FNDA:1,(anonymous_3)
FNDA:0,(anonymous_4)
FNDA:0,(anonymous_5)
DA:13,1
DA:14,5
DA:15,5
DA:16,5
DA:22,5
DA:23,5
DA:26,5
DA:27,5
DA:33,5
DA:36,5
DA:37,4
DA:44,5
DA:46,1
DA:47,1
DA:48,1
DA:51,1
DA:52,0
DA:56,1
DA:57,0
DA:60,1
DA:61,1
DA:63,1
DA:64,1
DA:65,1
DA:74,1
DA:75,1
DA:82,0
DA:87,0
DA:88,0
DA:95,1
DA:96,1
DA:97,1
DA:101,1
DA:109,5
DA:111,0
DA:112,0
DA:113,0
DA:115,0
DA:116,0
DA:118,0
DA:123,0
DA:132,5
DA:134,0
DA:135,0
DA:136,0
DA:138,0
DA:139,0
DA:141,0
DA:146,0
DA:152,5
LF:50
LH:31
BRDA:51,0,0,0
BRDA:51,0,1,1
BRDA:51,1,0,1
BRDA:51,1,1,0
BRDA:56,2,0,0
BRDA:56,2,1,1
BRDA:56,3,0,1
BRDA:56,3,1,0
BRDA:74,4,0,1
BRDA:74,4,1,0
BRDA:76,5,0,1
BRDA:76,5,1,0
BRDA:77,6,0,1
BRDA:77,6,1,0
BRDA:78,7,0,1
BRDA:78,7,1,0
BRDA:79,8,0,1
BRDA:79,8,1,0
BRF:18
BRH:9
end_of_record
TN:
SF:src\lib\axios.js
FN:8,(anonymous_0)
FN:12,(anonymous_1)
FN:16,(anonymous_2)
FN:31,(anonymous_3)
FN:32,(anonymous_4)
FN:43,(anonymous_5)
FN:44,(anonymous_6)
FN:50,(anonymous_7)
FN:55,(anonymous_8)
FN:58,(anonymous_9)
FN:61,(anonymous_10)
FNF:11
FNH:0
FNDA:0,(anonymous_0)
FNDA:0,(anonymous_1)
FNDA:0,(anonymous_2)
FNDA:0,(anonymous_3)
FNDA:0,(anonymous_4)
FNDA:0,(anonymous_5)
FNDA:0,(anonymous_6)
FNDA:0,(anonymous_7)
FNDA:0,(anonymous_8)
FNDA:0,(anonymous_9)
FNDA:0,(anonymous_10)
DA:3,3
DA:8,3
DA:9,0
DA:10,0
DA:12,0
DA:13,0
DA:16,3
DA:17,0
DA:18,0
DA:19,0
DA:20,0
DA:21,0
DA:22,0
DA:25,0
DA:28,3
DA:29,3
DA:31,3
DA:32,0
DA:33,0
DA:34,0
DA:36,0
DA:39,0
DA:42,3
DA:43,0
DA:45,0
DA:48,0
DA:49,0
DA:50,0
DA:51,0
DA:53,0
DA:54,0
DA:55,0
DA:56,0
DA:59,0
DA:62,0
DA:66,0
DA:67,0
DA:69,0
DA:70,0
DA:71,0
DA:72,0
DA:74,0
DA:76,0
DA:78,0
DA:82,0
LF:45
LH:7
BRDA:9,0,0,0
BRDA:9,0,1,0
BRDA:13,1,0,0
BRDA:13,1,1,0
BRDA:17,2,0,0
BRDA:17,2,1,0
BRDA:18,3,0,0
BRDA:18,3,1,0
BRDA:20,4,0,0
BRDA:20,4,1,0
BRDA:21,5,0,0
BRDA:21,5,1,0
BRDA:31,6,0,0
BRDA:33,7,0,0
BRDA:33,7,1,0
BRDA:49,8,0,0
BRDA:49,8,1,0
BRDA:53,9,0,0
BRDA:53,9,1,0
BRDA:53,10,0,0
BRDA:53,10,1,0
BRDA:53,10,2,0
BRDA:53,10,3,0
BRDA:54,11,0,0
BRDA:54,11,1,0
BRF:25
BRH:0
end_of_record
TN:
SF:src\lib\errorHandler.js
FN:23,(anonymous_0)
FN:72,(anonymous_1)
FN:82,(anonymous_2)
FN:96,(anonymous_3)
FN:109,(anonymous_4)
FN:119,(anonymous_5)
FN:163,(anonymous_6)
FNF:7
FNH:5
FNDA:21,(anonymous_0)
FNDA:4,(anonymous_1)
FNDA:4,(anonymous_2)
FNDA:4,(anonymous_3)
FNDA:0,(anonymous_4)
FNDA:4,(anonymous_5)
FNDA:0,(anonymous_6)
DA:23,4
DA:25,21
DA:26,6
DA:36,15
DA:37,0
DA:47,15
DA:48,10
DA:58,5
DA:72,4
DA:73,4
DA:74,4
DA:82,4
DA:83,4
DA:84,4
DA:96,4
DA:97,4
DA:98,4
DA:109,4
DA:110,0
DA:111,0
DA:119,4
DA:120,4
DA:121,4
DA:130,4
DA:146,4
DA:163,4
DA:164,0
LF:27
LH:23
BRDA:25,0,0,6
BRDA:25,0,1,15
BRDA:27,1,0,6
BRDA:27,1,1,6
BRDA:28,2,0,6
BRDA:28,2,1,0
BRDA:28,2,2,0
BRDA:29,3,0,6
BRDA:29,3,1,6
BRDA:36,4,0,0
BRDA:36,4,1,15
BRDA:36,5,0,15
BRDA:36,5,1,0
BRDA:47,6,0,10
BRDA:47,6,1,5
BRDA:50,7,0,10
BRDA:50,7,1,0
BRDA:85,8,0,4
BRDA:85,8,1,4
BRDA:85,8,2,4
BRDA:99,9,0,4
BRDA:99,9,1,4
BRDA:111,10,0,0
BRDA:111,10,1,0
BRDA:164,11,0,0
BRDA:164,11,1,0
BRF:26
BRH:17
end_of_record
TN:
SF:src\stores\useModalStore.js
FN:25,(anonymous_0)
FN:34,(anonymous_1)
FN:35,(anonymous_2)
FN:47,(anonymous_3)
FN:48,(anonymous_4)
FN:61,(anonymous_5)
FN:77,(anonymous_6)
FN:87,(anonymous_7)
FN:97,(anonymous_8)
FN:98,(anonymous_9)
FN:112,(anonymous_10)
FN:113,(anonymous_11)
FN:115,(anonymous_12)
FN:126,(anonymous_13)
FN:129,(anonymous_14)
FN:130,(anonymous_15)
FN:138,(anonymous_16)
FNF:17
FNH:16
FNDA:1,(anonymous_0)
FNDA:22,(anonymous_1)
FNDA:22,(anonymous_2)
FNDA:9,(anonymous_3)
FNDA:9,(anonymous_4)
FNDA:7,(anonymous_5)
FNDA:27,(anonymous_6)
FNDA:7,(anonymous_7)
FNDA:1,(anonymous_8)
FNDA:1,(anonymous_9)
FNDA:16,(anonymous_10)
FNDA:16,(anonymous_11)
FNDA:52,(anonymous_12)
FNDA:1,(anonymous_13)
FNDA:3,(anonymous_14)
FNDA:2,(anonymous_15)
FNDA:0,(anonymous_16)
DA:25,1
DA:35,22
DA:48,9
DA:62,7
DA:63,7
DA:65,7
DA:66,3
DA:68,4
DA:78,27
DA:79,27
DA:88,7
DA:89,7
DA:98,1
DA:113,16
DA:114,16
DA:115,16
DA:116,52
DA:118,16
DA:127,1
DA:128,1
DA:129,3
DA:130,2
DA:139,0
DA:140,0
LF:24
LH:22
BRDA:34,0,0,22
BRDA:61,1,0,7
BRDA:65,2,0,3
BRDA:65,2,1,4
BRDA:79,3,0,27
BRDA:79,3,1,1
BRDA:89,4,0,7
BRDA:89,4,1,1
BRDA:140,5,0,0
BRDA:140,5,1,0
BRF:10
BRH:8
end_of_record
